<?xml version="1.0" encoding="UTF-8"?>
<coverage generated="1589344214269" clover="3.2.0">
  <project timestamp="1589344214270" name="All files">
    <metrics statements="476" coveredstatements="324" conditionals="120" coveredconditionals="81" methods="165" coveredmethods="101" elements="761" coveredelements="506" complexity="0" loc="476" ncloc="476" packages="8" files="29" classes="29"/>
    <package name="assets">
      <metrics statements="5" coveredstatements="5" conditionals="0" coveredconditionals="0" methods="0" coveredmethods="0"/>
      <file name="HomeImg.jpg" path="D:\Job\Internship\hongoctuananh\assets\HomeImg.jpg">
        <metrics statements="1" coveredstatements="1" conditionals="0" coveredconditionals="0" methods="0" coveredmethods="0"/>
        <line num="1" count="1" type="stmt"/>
      </file>
      <file name="Logo.png" path="D:\Job\Internship\hongoctuananh\assets\Logo.png">
        <metrics statements="1" coveredstatements="1" conditionals="0" coveredconditionals="0" methods="0" coveredmethods="0"/>
        <line num="1" count="2" type="stmt"/>
      </file>
      <file name="ThankYou.jpg" path="D:\Job\Internship\hongoctuananh\assets\ThankYou.jpg">
        <metrics statements="1" coveredstatements="1" conditionals="0" coveredconditionals="0" methods="0" coveredmethods="0"/>
        <line num="1" count="1" type="stmt"/>
      </file>
      <file name="background.jpg" path="D:\Job\Internship\hongoctuananh\assets\background.jpg">
        <metrics statements="1" coveredstatements="1" conditionals="0" coveredconditionals="0" methods="0" coveredmethods="0"/>
        <line num="1" count="1" type="stmt"/>
      </file>
      <file name="cash.jpg" path="D:\Job\Internship\hongoctuananh\assets\cash.jpg">
        <metrics statements="1" coveredstatements="1" conditionals="0" coveredconditionals="0" methods="0" coveredmethods="0"/>
        <line num="1" count="1" type="stmt"/>
      </file>
    </package>
    <package name="src.components">
      <metrics statements="193" coveredstatements="125" conditionals="72" coveredconditionals="40" methods="67" coveredmethods="48"/>
      <file name="BarsIcon.js" path="D:\Job\Internship\hongoctuananh\src\components\BarsIcon.js">
        <metrics statements="3" coveredstatements="3" conditionals="0" coveredconditionals="0" methods="1" coveredmethods="1"/>
        <line num="8" count="2" type="stmt"/>
        <line num="13" count="19" type="stmt"/>
        <line num="14" count="19" type="stmt"/>
      </file>
      <file name="CartIcon.js" path="D:\Job\Internship\hongoctuananh\src\components\CartIcon.js">
        <metrics statements="5" coveredstatements="5" conditionals="2" coveredconditionals="2" methods="2" coveredmethods="2"/>
        <line num="11" count="19" type="stmt"/>
        <line num="12" count="19" type="stmt"/>
        <line num="13" count="19" type="stmt"/>
        <line num="26" count="2" type="stmt"/>
        <line num="31" count="13" type="stmt"/>
      </file>
      <file name="FavoriteProductCarousel.js" path="D:\Job\Internship\hongoctuananh\src\components\FavoriteProductCarousel.js">
        <metrics statements="10" coveredstatements="10" conditionals="0" coveredconditionals="0" methods="5" coveredmethods="5"/>
        <line num="11" count="1" type="stmt"/>
        <line num="17" count="3" type="stmt"/>
        <line num="18" count="9" type="stmt"/>
        <line num="19" count="9" type="stmt"/>
        <line num="20" count="9" type="stmt"/>
        <line num="23" count="2" type="stmt"/>
        <line num="32" count="1" type="stmt"/>
        <line num="54" count="3" type="stmt"/>
        <line num="55" count="3" type="stmt"/>
        <line num="62" count="3" type="stmt"/>
      </file>
      <file name="NavigationPanel.js" path="D:\Job\Internship\hongoctuananh\src\components\NavigationPanel.js">
        <metrics statements="25" coveredstatements="18" conditionals="4" coveredconditionals="4" methods="12" coveredmethods="8"/>
        <line num="22" count="19" type="stmt"/>
        <line num="26" count="19" type="stmt"/>
        <line num="27" count="2" type="stmt"/>
        <line num="28" count="2" type="stmt"/>
        <line num="29" count="2" type="stmt"/>
        <line num="31" count="1" type="stmt"/>
        <line num="38" count="19" type="stmt"/>
        <line num="39" count="1" type="stmt"/>
        <line num="40" count="1" type="stmt"/>
        <line num="41" count="1" type="stmt"/>
        <line num="42" count="0" type="stmt"/>
        <line num="44" count="0" type="stmt"/>
        <line num="45" count="0" type="stmt"/>
        <line num="50" count="27" type="stmt"/>
        <line num="59" count="27" type="stmt"/>
        <line num="60" count="27" type="stmt"/>
        <line num="85" count="0" type="stmt"/>
        <line num="95" count="0" type="stmt"/>
        <line num="106" count="2" type="stmt"/>
        <line num="114" count="1" type="stmt"/>
        <line num="125" count="0" type="stmt"/>
        <line num="171" count="3" type="stmt"/>
        <line num="183" count="19" type="stmt"/>
        <line num="188" count="19" type="stmt"/>
        <line num="189" count="0" type="stmt"/>
      </file>
      <file name="OrderPanel.js" path="D:\Job\Internship\hongoctuananh\src\components\OrderPanel.js">
        <metrics statements="130" coveredstatements="70" conditionals="44" coveredconditionals="19" methods="38" coveredmethods="24"/>
        <line num="23" count="3" type="stmt"/>
        <line num="76" count="12" type="stmt"/>
        <line num="88" count="12" type="stmt"/>
        <line num="90" count="0" type="stmt"/>
        <line num="91" count="0" type="stmt"/>
        <line num="92" count="0" type="stmt"/>
        <line num="93" count="0" type="stmt"/>
        <line num="95" count="0" type="cond" truecount="0" falsecount="2"/>
        <line num="96" count="0" type="stmt"/>
        <line num="104" count="0" type="stmt"/>
        <line num="114" count="0" type="stmt"/>
        <line num="115" count="0" type="stmt"/>
        <line num="117" count="0" type="stmt"/>
        <line num="118" count="0" type="stmt"/>
        <line num="119" count="0" type="stmt"/>
        <line num="122" count="12" type="stmt"/>
        <line num="123" count="42" type="stmt"/>
        <line num="124" count="42" type="stmt"/>
        <line num="125" count="42" type="stmt"/>
        <line num="126" count="7" type="cond" truecount="1" falsecount="1"/>
        <line num="127" count="7" type="stmt"/>
        <line num="129" count="7" type="cond" truecount="1" falsecount="1"/>
        <line num="130" count="7" type="stmt"/>
        <line num="132" count="7" type="stmt"/>
        <line num="139" count="12" type="stmt"/>
        <line num="140" count="26" type="stmt"/>
        <line num="141" count="26" type="stmt"/>
        <line num="142" count="26" type="cond" truecount="2" falsecount="0"/>
        <line num="143" count="13" type="stmt"/>
        <line num="145" count="0" type="stmt"/>
        <line num="155" count="13" type="stmt"/>
        <line num="157" count="1" type="stmt"/>
        <line num="166" count="12" type="stmt"/>
        <line num="167" count="26" type="stmt"/>
        <line num="168" count="26" type="stmt"/>
        <line num="169" count="26" type="cond" truecount="2" falsecount="0"/>
        <line num="170" count="13" type="stmt"/>
        <line num="172" count="0" type="stmt"/>
        <line num="182" count="13" type="stmt"/>
        <line num="184" count="1" type="stmt"/>
        <line num="193" count="12" type="stmt"/>
        <line num="194" count="26" type="stmt"/>
        <line num="195" count="26" type="stmt"/>
        <line num="196" count="26" type="stmt"/>
        <line num="197" count="26" type="cond" truecount="2" falsecount="0"/>
        <line num="198" count="8" type="stmt"/>
        <line num="201" count="1" type="stmt"/>
        <line num="202" count="1" type="stmt"/>
        <line num="203" count="1" type="stmt"/>
        <line num="214" count="18" type="stmt"/>
        <line num="217" count="2" type="stmt"/>
        <line num="218" count="2" type="stmt"/>
        <line num="228" count="12" type="stmt"/>
        <line num="229" count="48" type="stmt"/>
        <line num="230" count="48" type="stmt"/>
        <line num="232" count="48" type="stmt"/>
        <line num="242" count="48" type="stmt"/>
        <line num="244" count="48" type="stmt"/>
        <line num="245" count="48" type="cond" truecount="2" falsecount="0"/>
        <line num="246" count="21" type="stmt"/>
        <line num="249" count="48" type="stmt"/>
        <line num="250" count="48" type="cond" truecount="2" falsecount="0"/>
        <line num="251" count="21" type="stmt"/>
        <line num="254" count="48" type="stmt"/>
        <line num="255" count="10" type="stmt"/>
        <line num="256" count="15" type="stmt"/>
        <line num="258" count="10" type="cond" truecount="1" falsecount="1"/>
        <line num="259" count="10" type="stmt"/>
        <line num="263" count="48" type="stmt"/>
        <line num="265" count="48" type="stmt"/>
        <line num="268" count="12" type="stmt"/>
        <line num="269" count="0" type="stmt"/>
        <line num="270" count="0" type="stmt"/>
        <line num="279" count="0" type="stmt"/>
        <line num="280" count="0" type="stmt"/>
        <line num="282" count="0" type="stmt"/>
        <line num="284" count="0" type="stmt"/>
        <line num="285" count="0" type="stmt"/>
        <line num="286" count="0" type="stmt"/>
        <line num="287" count="0" type="cond" truecount="0" falsecount="2"/>
        <line num="288" count="0" type="stmt"/>
        <line num="289" count="0" type="stmt"/>
        <line num="291" count="0" type="stmt"/>
        <line num="292" count="0" type="cond" truecount="0" falsecount="2"/>
        <line num="293" count="0" type="stmt"/>
        <line num="294" count="0" type="stmt"/>
        <line num="296" count="0" type="stmt"/>
        <line num="297" count="0" type="stmt"/>
        <line num="298" count="0" type="stmt"/>
        <line num="300" count="0" type="cond" truecount="0" falsecount="2"/>
        <line num="301" count="0" type="stmt"/>
        <line num="302" count="0" type="stmt"/>
        <line num="306" count="0" type="stmt"/>
        <line num="308" count="0" type="stmt"/>
        <line num="315" count="0" type="stmt"/>
        <line num="316" count="0" type="stmt"/>
        <line num="317" count="0" type="stmt"/>
        <line num="319" count="0" type="stmt"/>
        <line num="320" count="0" type="cond" truecount="0" falsecount="2"/>
        <line num="321" count="0" type="stmt"/>
        <line num="323" count="0" type="stmt"/>
        <line num="328" count="47" type="stmt"/>
        <line num="329" count="47" type="stmt"/>
        <line num="337" count="47" type="stmt"/>
        <line num="338" count="47" type="stmt"/>
        <line num="339" count="47" type="stmt"/>
        <line num="341" count="47" type="stmt"/>
        <line num="347" count="0" type="stmt"/>
        <line num="348" count="0" type="stmt"/>
        <line num="361" count="0" type="stmt"/>
        <line num="362" count="0" type="stmt"/>
        <line num="386" count="26" type="stmt"/>
        <line num="403" count="26" type="stmt"/>
        <line num="420" count="26" type="stmt"/>
        <line num="440" count="1" type="stmt"/>
        <line num="469" count="0" type="cond" truecount="0" falsecount="4"/>
        <line num="470" count="0" type="stmt"/>
        <line num="471" count="0" type="cond" truecount="0" falsecount="4"/>
        <line num="472" count="0" type="stmt"/>
        <line num="474" count="0" type="stmt"/>
        <line num="475" count="0" type="stmt"/>
        <line num="476" count="0" type="stmt"/>
        <line num="485" count="0" type="stmt"/>
        <line num="486" count="0" type="stmt"/>
        <line num="487" count="0" type="stmt"/>
        <line num="501" count="3" type="stmt"/>
        <line num="510" count="12" type="stmt"/>
        <line num="512" count="12" type="stmt"/>
        <line num="513" count="0" type="stmt"/>
        <line num="515" count="0" type="stmt"/>
      </file>
      <file name="StringInput.js" path="D:\Job\Internship\hongoctuananh\src\components\StringInput.js">
        <metrics statements="3" coveredstatements="3" conditionals="0" coveredconditionals="0" methods="1" coveredmethods="1"/>
        <line num="8" count="1" type="stmt"/>
        <line num="14" count="105" type="stmt"/>
        <line num="15" count="105" type="stmt"/>
      </file>
      <file name="TearLines.js" path="D:\Job\Internship\hongoctuananh\src\components\TearLines.js">
        <metrics statements="17" coveredstatements="16" conditionals="22" coveredconditionals="15" methods="8" coveredmethods="7"/>
        <line num="6" count="2" type="stmt"/>
        <line num="7" count="2" type="stmt"/>
        <line num="8" count="2" type="stmt"/>
        <line num="12" count="9" type="stmt"/>
        <line num="13" count="9" type="stmt"/>
        <line num="18" count="9" type="stmt"/>
        <line num="24" count="9" type="cond" truecount="1" falsecount="1"/>
        <line num="25" count="9" type="stmt"/>
        <line num="30" count="0" type="stmt"/>
        <line num="34" count="75" type="stmt"/>
        <line num="38" count="125" type="cond" truecount="2" falsecount="0"/>
        <line num="42" count="50" type="stmt"/>
        <line num="52" count="25" type="cond" truecount="2" falsecount="0"/>
        <line num="53" count="25" type="stmt"/>
        <line num="83" count="1186" type="stmt"/>
        <line num="118" count="2" type="stmt"/>
        <line num="137" count="2" type="stmt"/>
      </file>
    </package>
    <package name="src.config">
      <metrics statements="1" coveredstatements="1" conditionals="0" coveredconditionals="0" methods="0" coveredmethods="0"/>
      <file name="configAPI.js" path="D:\Job\Internship\hongoctuananh\src\config\configAPI.js">
        <metrics statements="1" coveredstatements="1" conditionals="0" coveredconditionals="0" methods="0" coveredmethods="0"/>
        <line num="1" count="4" type="stmt"/>
      </file>
    </package>
    <package name="src.redux">
      <metrics statements="31" coveredstatements="30" conditionals="10" coveredconditionals="9" methods="9" coveredmethods="9"/>
      <file name="actions.js" path="D:\Job\Internship\hongoctuananh\src\redux\actions.js">
        <metrics statements="17" coveredstatements="17" conditionals="0" coveredconditionals="0" methods="6" coveredmethods="6"/>
        <line num="1" count="8" type="stmt"/>
        <line num="2" count="8" type="stmt"/>
        <line num="3" count="8" type="stmt"/>
        <line num="4" count="8" type="stmt"/>
        <line num="5" count="8" type="stmt"/>
        <line num="6" count="8" type="stmt"/>
        <line num="8" count="8" type="stmt"/>
        <line num="9" count="1" type="stmt"/>
        <line num="15" count="8" type="stmt"/>
        <line num="20" count="8" type="stmt"/>
        <line num="21" count="1" type="stmt"/>
        <line num="27" count="8" type="stmt"/>
        <line num="28" count="1" type="stmt"/>
        <line num="34" count="8" type="stmt"/>
        <line num="35" count="1" type="stmt"/>
        <line num="42" count="8" type="stmt"/>
        <line num="43" count="1" type="stmt"/>
      </file>
      <file name="reducer.js" path="D:\Job\Internship\hongoctuananh\src\redux\reducer.js">
        <metrics statements="14" coveredstatements="13" conditionals="10" coveredconditionals="9" methods="3" coveredmethods="3"/>
        <line num="10" count="1" type="stmt"/>
        <line num="16" count="1" type="cond" truecount="1" falsecount="0"/>
        <line num="17" count="7" type="cond" truecount="7" falsecount="0"/>
        <line num="19" count="1" type="stmt"/>
        <line num="22" count="1" type="stmt"/>
        <line num="25" count="1" type="stmt"/>
        <line num="31" count="1" type="stmt"/>
        <line num="35" count="1" type="stmt"/>
        <line num="40" count="1" type="stmt"/>
        <line num="44" count="1" type="cond" truecount="1" falsecount="1"/>
        <line num="45" count="0" type="stmt"/>
        <line num="47" count="1" type="stmt"/>
        <line num="56" count="1" type="stmt"/>
        <line num="62" count="1" type="stmt"/>
      </file>
    </package>
    <package name="src.repository">
      <metrics statements="10" coveredstatements="4" conditionals="0" coveredconditionals="0" methods="2" coveredmethods="1"/>
      <file name="getAPI.js" path="D:\Job\Internship\hongoctuananh\src\repository\getAPI.js">
        <metrics statements="5" coveredstatements="1" conditionals="0" coveredconditionals="0" methods="1" coveredmethods="0"/>
        <line num="4" count="3" type="stmt"/>
        <line num="11" count="0" type="stmt"/>
        <line num="12" count="0" type="stmt"/>
        <line num="13" count="0" type="stmt"/>
        <line num="15" count="0" type="stmt"/>
      </file>
      <file name="postUserAPI.js" path="D:\Job\Internship\hongoctuananh\src\repository\postUserAPI.js">
        <metrics statements="5" coveredstatements="3" conditionals="0" coveredconditionals="0" methods="1" coveredmethods="1"/>
        <line num="4" count="1" type="stmt"/>
        <line num="11" count="1" type="stmt"/>
        <line num="12" count="1" type="stmt"/>
        <line num="13" count="0" type="stmt"/>
        <line num="15" count="0" type="stmt"/>
      </file>
    </package>
    <package name="src.resources">
      <metrics statements="7" coveredstatements="7" conditionals="0" coveredconditionals="0" methods="0" coveredmethods="0"/>
      <file name="dimension.js" path="D:\Job\Internship\hongoctuananh\src\resources\dimension.js">
        <metrics statements="3" coveredstatements="3" conditionals="0" coveredconditionals="0" methods="0" coveredmethods="0"/>
        <line num="3" count="10" type="stmt"/>
        <line num="4" count="10" type="stmt"/>
        <line num="6" count="10" type="stmt"/>
      </file>
      <file name="string.js" path="D:\Job\Internship\hongoctuananh\src\resources\string.js">
        <metrics statements="1" coveredstatements="1" conditionals="0" coveredconditionals="0" methods="0" coveredmethods="0"/>
        <line num="1" count="1" type="stmt"/>
      </file>
      <file name="textStyle.js" path="D:\Job\Internship\hongoctuananh\src\resources\textStyle.js">
        <metrics statements="3" coveredstatements="3" conditionals="0" coveredconditionals="0" methods="0" coveredmethods="0"/>
        <line num="3" count="10" type="stmt"/>
        <line num="4" count="10" type="stmt"/>
        <line num="6" count="10" type="stmt"/>
      </file>
    </package>
    <package name="src.screens">
      <metrics statements="214" coveredstatements="148" conditionals="36" coveredconditionals="32" methods="83" coveredmethods="43"/>
      <file name="CartScreen.js" path="D:\Job\Internship\hongoctuananh\src\screens\CartScreen.js">
        <metrics statements="47" coveredstatements="27" conditionals="4" coveredconditionals="0" methods="18" coveredmethods="7"/>
        <line num="21" count="2" type="stmt"/>
        <line num="28" count="2" type="stmt"/>
        <line num="29" count="0" type="stmt"/>
        <line num="30" count="0" type="stmt"/>
        <line num="33" count="2" type="stmt"/>
        <line num="34" count="3" type="stmt"/>
        <line num="35" count="3" type="stmt"/>
        <line num="36" count="3" type="stmt"/>
        <line num="37" count="18" type="stmt"/>
        <line num="39" count="3" type="stmt"/>
        <line num="42" count="2" type="stmt"/>
        <line num="43" count="12" type="stmt"/>
        <line num="44" count="12" type="stmt"/>
        <line num="45" count="12" type="stmt"/>
        <line num="46" count="12" type="stmt"/>
        <line num="47" count="12" type="stmt"/>
        <line num="48" count="12" type="stmt"/>
        <line num="50" count="12" type="stmt"/>
        <line num="53" count="0" type="stmt"/>
        <line num="65" count="0" type="stmt"/>
        <line num="83" count="2" type="stmt"/>
        <line num="84" count="0" type="stmt"/>
        <line num="85" count="0" type="stmt"/>
        <line num="88" count="2" type="stmt"/>
        <line num="89" count="0" type="stmt"/>
        <line num="97" count="2" type="stmt"/>
        <line num="98" count="0" type="stmt"/>
        <line num="99" count="0" type="stmt"/>
        <line num="102" count="2" type="stmt"/>
        <line num="103" count="0" type="stmt"/>
        <line num="104" count="0" type="stmt"/>
        <line num="105" count="0" type="stmt"/>
        <line num="111" count="2" type="stmt"/>
        <line num="112" count="2" type="stmt"/>
        <line num="113" count="2" type="stmt"/>
        <line num="115" count="2" type="stmt"/>
        <line num="119" count="0" type="stmt"/>
        <line num="120" count="0" type="stmt"/>
        <line num="163" count="0" type="cond" truecount="0" falsecount="2"/>
        <line num="164" count="0" type="stmt"/>
        <line num="165" count="0" type="cond" truecount="0" falsecount="2"/>
        <line num="166" count="0" type="stmt"/>
        <line num="168" count="0" type="stmt"/>
        <line num="179" count="1" type="stmt"/>
        <line num="184" count="2" type="stmt"/>
        <line num="189" count="2" type="stmt"/>
        <line num="190" count="0" type="stmt"/>
      </file>
      <file name="CategoryScreen.js" path="D:\Job\Internship\hongoctuananh\src\screens\CategoryScreen.js">
        <metrics statements="27" coveredstatements="23" conditionals="0" coveredconditionals="0" methods="15" coveredmethods="12"/>
        <line num="18" count="10" type="stmt"/>
        <line num="22" count="10" type="stmt"/>
        <line num="23" count="2" type="stmt"/>
        <line num="24" count="2" type="stmt"/>
        <line num="30" count="10" type="stmt"/>
        <line num="31" count="30" type="stmt"/>
        <line num="32" count="30" type="stmt"/>
        <line num="34" count="2" type="stmt"/>
        <line num="48" count="15" type="stmt"/>
        <line num="50" count="15" type="stmt"/>
        <line num="54" count="0" type="stmt"/>
        <line num="55" count="0" type="stmt"/>
        <line num="57" count="1" type="stmt"/>
        <line num="58" count="1" type="stmt"/>
        <line num="61" count="0" type="stmt"/>
        <line num="62" count="0" type="stmt"/>
        <line num="68" count="1" type="stmt"/>
        <line num="69" count="1" type="stmt"/>
        <line num="72" count="1" type="stmt"/>
        <line num="73" count="1" type="stmt"/>
        <line num="76" count="1" type="stmt"/>
        <line num="77" count="1" type="stmt"/>
        <line num="85" count="30" type="stmt"/>
        <line num="88" count="1" type="stmt"/>
        <line num="89" count="1" type="stmt"/>
        <line num="95" count="1" type="stmt"/>
        <line num="99" count="10" type="stmt"/>
      </file>
      <file name="CheckOutScreen.js" path="D:\Job\Internship\hongoctuananh\src\screens\CheckOutScreen.js">
        <metrics statements="50" coveredstatements="42" conditionals="12" coveredconditionals="12" methods="16" coveredmethods="9"/>
        <line num="27" count="1" type="stmt"/>
        <line num="29" count="1" type="stmt"/>
        <line num="32" count="7" type="stmt"/>
        <line num="41" count="7" type="stmt"/>
        <line num="42" count="7" type="stmt"/>
        <line num="43" count="7" type="stmt"/>
        <line num="44" count="7" type="stmt"/>
        <line num="47" count="7" type="stmt"/>
        <line num="48" count="0" type="stmt"/>
        <line num="49" count="0" type="stmt"/>
        <line num="52" count="7" type="stmt"/>
        <line num="53" count="21" type="stmt"/>
        <line num="54" count="21" type="stmt"/>
        <line num="55" count="21" type="cond" truecount="2" falsecount="0"/>
        <line num="56" count="6" type="stmt"/>
        <line num="58" count="0" type="stmt"/>
        <line num="72" count="15" type="stmt"/>
        <line num="74" count="0" type="stmt"/>
        <line num="87" count="7" type="stmt"/>
        <line num="88" count="6" type="stmt"/>
        <line num="89" count="6" type="stmt"/>
        <line num="90" count="6" type="stmt"/>
        <line num="92" count="6" type="cond" truecount="2" falsecount="0"/>
        <line num="93" count="1" type="stmt"/>
        <line num="94" count="5" type="cond" truecount="2" falsecount="0"/>
        <line num="95" count="1" type="stmt"/>
        <line num="96" count="4" type="cond" truecount="2" falsecount="0"/>
        <line num="97" count="1" type="stmt"/>
        <line num="98" count="3" type="cond" truecount="2" falsecount="0"/>
        <line num="99" count="1" type="stmt"/>
        <line num="100" count="2" type="cond" truecount="2" falsecount="0"/>
        <line num="101" count="1" type="stmt"/>
        <line num="103" count="1" type="stmt"/>
        <line num="111" count="1" type="stmt"/>
        <line num="115" count="7" type="stmt"/>
        <line num="116" count="1" type="stmt"/>
        <line num="117" count="1" type="stmt"/>
        <line num="118" count="1" type="stmt"/>
        <line num="125" count="21" type="stmt"/>
        <line num="126" count="21" type="stmt"/>
        <line num="128" count="21" type="stmt"/>
        <line num="157" count="0" type="stmt"/>
        <line num="167" count="0" type="stmt"/>
        <line num="175" count="0" type="stmt"/>
        <line num="185" count="0" type="stmt"/>
        <line num="196" count="21" type="stmt"/>
        <line num="203" count="6" type="stmt"/>
        <line num="218" count="1" type="stmt"/>
        <line num="222" count="7" type="stmt"/>
        <line num="226" count="7" type="stmt"/>
      </file>
      <file name="HomeScreen.js" path="D:\Job\Internship\hongoctuananh\src\screens\HomeScreen.js">
        <metrics statements="5" coveredstatements="5" conditionals="0" coveredconditionals="0" methods="3" coveredmethods="3"/>
        <line num="18" count="2" type="stmt"/>
        <line num="19" count="1" type="stmt"/>
        <line num="20" count="1" type="stmt"/>
        <line num="23" count="2" type="stmt"/>
        <line num="41" count="1" type="stmt"/>
      </file>
      <file name="ProductDetailScreen.js" path="D:\Job\Internship\hongoctuananh\src\screens\ProductDetailScreen.js">
        <metrics statements="25" coveredstatements="9" conditionals="0" coveredconditionals="0" methods="14" coveredmethods="3"/>
        <line num="12" count="3" type="stmt"/>
        <line num="17" count="3" type="stmt"/>
        <line num="18" count="1" type="stmt"/>
        <line num="19" count="1" type="stmt"/>
        <line num="23" count="4" type="stmt"/>
        <line num="24" count="4" type="stmt"/>
        <line num="25" count="4" type="stmt"/>
        <line num="26" count="4" type="stmt"/>
        <line num="30" count="0" type="stmt"/>
        <line num="31" count="0" type="stmt"/>
        <line num="33" count="0" type="stmt"/>
        <line num="34" count="0" type="stmt"/>
        <line num="37" count="0" type="stmt"/>
        <line num="38" count="0" type="stmt"/>
        <line num="44" count="0" type="stmt"/>
        <line num="45" count="0" type="stmt"/>
        <line num="48" count="0" type="stmt"/>
        <line num="49" count="0" type="stmt"/>
        <line num="52" count="0" type="stmt"/>
        <line num="53" count="0" type="stmt"/>
        <line num="58" count="0" type="stmt"/>
        <line num="59" count="0" type="stmt"/>
        <line num="83" count="1" type="stmt"/>
        <line num="92" count="0" type="stmt"/>
        <line num="93" count="0" type="stmt"/>
      </file>
      <file name="SignUpScreen.js" path="D:\Job\Internship\hongoctuananh\src\screens\SignUpScreen.js">
        <metrics statements="54" coveredstatements="36" conditionals="20" coveredconditionals="20" methods="13" coveredmethods="5"/>
        <line num="20" count="10" type="stmt"/>
        <line num="29" count="10" type="stmt"/>
        <line num="30" count="0" type="stmt"/>
        <line num="31" count="0" type="stmt"/>
        <line num="34" count="10" type="stmt"/>
        <line num="35" count="9" type="stmt"/>
        <line num="36" count="9" type="stmt"/>
        <line num="37" count="9" type="stmt"/>
        <line num="38" count="9" type="stmt"/>
        <line num="39" count="9" type="stmt"/>
        <line num="40" count="9" type="cond" truecount="2" falsecount="0"/>
        <line num="41" count="1" type="stmt"/>
        <line num="42" count="8" type="cond" truecount="2" falsecount="0"/>
        <line num="43" count="1" type="stmt"/>
        <line num="44" count="7" type="cond" truecount="2" falsecount="0"/>
        <line num="45" count="1" type="stmt"/>
        <line num="46" count="6" type="cond" truecount="4" falsecount="0"/>
        <line num="47" count="1" type="stmt"/>
        <line num="48" count="5" type="cond" truecount="2" falsecount="0"/>
        <line num="49" count="1" type="stmt"/>
        <line num="50" count="4" type="cond" truecount="2" falsecount="0"/>
        <line num="51" count="1" type="stmt"/>
        <line num="52" count="3" type="cond" truecount="2" falsecount="0"/>
        <line num="53" count="1" type="stmt"/>
        <line num="54" count="2" type="cond" truecount="2" falsecount="0"/>
        <line num="55" count="1" type="stmt"/>
        <line num="57" count="1" type="stmt"/>
        <line num="63" count="1" type="stmt"/>
        <line num="64" count="1" type="stmt"/>
        <line num="68" count="10" type="stmt"/>
        <line num="69" count="1" type="stmt"/>
        <line num="70" count="1" type="stmt"/>
        <line num="72" count="0" type="stmt"/>
        <line num="74" count="0" type="stmt"/>
        <line num="75" count="0" type="stmt"/>
        <line num="76" count="0" type="stmt"/>
        <line num="80" count="10" type="stmt"/>
        <line num="81" count="0" type="stmt"/>
        <line num="82" count="0" type="stmt"/>
        <line num="83" count="0" type="stmt"/>
        <line num="84" count="0" type="stmt"/>
        <line num="85" count="0" type="stmt"/>
        <line num="86" count="0" type="stmt"/>
        <line num="90" count="21" type="stmt"/>
        <line num="91" count="21" type="stmt"/>
        <line num="93" count="21" type="stmt"/>
        <line num="116" count="0" type="stmt"/>
        <line num="123" count="0" type="stmt"/>
        <line num="130" count="0" type="stmt"/>
        <line num="137" count="0" type="stmt"/>
        <line num="144" count="0" type="stmt"/>
        <line num="159" count="9" type="stmt"/>
        <line num="170" count="10" type="stmt"/>
        <line num="171" count="0" type="stmt"/>
      </file>
      <file name="SplashScreen.js" path="D:\Job\Internship\hongoctuananh\src\screens\SplashScreen.js">
        <metrics statements="1" coveredstatements="1" conditionals="0" coveredconditionals="0" methods="1" coveredmethods="1"/>
        <line num="7" count="34" type="stmt"/>
      </file>
      <file name="ThankYouScreen.js" path="D:\Job\Internship\hongoctuananh\src\screens\ThankYouScreen.js">
        <metrics statements="5" coveredstatements="5" conditionals="0" coveredconditionals="0" methods="3" coveredmethods="3"/>
        <line num="17" count="2" type="stmt"/>
        <line num="18" count="1" type="stmt"/>
        <line num="19" count="1" type="stmt"/>
        <line num="22" count="2" type="stmt"/>
        <line num="38" count="1" type="stmt"/>
      </file>
    </package>
    <package name="src.servers">
      <metrics statements="15" coveredstatements="4" conditionals="2" coveredconditionals="0" methods="4" coveredmethods="0"/>
      <file name="API.js" path="D:\Job\Internship\hongoctuananh\src\servers\API.js">
        <metrics statements="15" coveredstatements="4" conditionals="2" coveredconditionals="0" methods="4" coveredmethods="0"/>
        <line num="4" count="4" type="stmt"/>
        <line num="6" count="4" type="stmt"/>
        <line num="8" count="4" type="stmt"/>
        <line num="10" count="0" type="stmt"/>
        <line num="11" count="0" type="stmt"/>
        <line num="12" count="0" type="stmt"/>
        <line num="15" count="0" type="stmt"/>
        <line num="16" count="0" type="stmt"/>
        <line num="20" count="4" type="stmt"/>
        <line num="22" count="0" type="stmt"/>
        <line num="23" count="0" type="stmt"/>
        <line num="26" count="0" type="stmt"/>
        <line num="27" count="0" type="cond" truecount="0" falsecount="2"/>
        <line num="28" count="0" type="stmt"/>
        <line num="30" count="0" type="stmt"/>
      </file>
    </package>
  </project>
</coverage>
