{"D:\\Job\\Internship\\hongoctuananh\\assets\\HomeImg.jpg": {"path":"D:\\Job\\Internship\\hongoctuananh\\assets\\HomeImg.jpg","statementMap":{"0":{"start":{"line":1,"column":0},"end":{"line":4,"column":6}}},"fnMap":{},"branchMap":{},"s":{"0":1},"f":{},"b":{},"_coverageSchema":"43e27e138ebf9cfc5966b082cf9a028302ed4184","hash":"66b0207d9a981e70afe38724b196e7070ef5168f"}
,"D:\\Job\\Internship\\hongoctuananh\\assets\\Logo.png": {"path":"D:\\Job\\Internship\\hongoctuananh\\assets\\Logo.png","statementMap":{"0":{"start":{"line":1,"column":0},"end":{"line":4,"column":6}}},"fnMap":{},"branchMap":{},"s":{"0":2},"f":{},"b":{},"_coverageSchema":"43e27e138ebf9cfc5966b082cf9a028302ed4184","hash":"07d2f485e26c65acb7ad337a51c8afa51abf6ea2"}
,"D:\\Job\\Internship\\hongoctuananh\\assets\\ThankYou.jpg": {"path":"D:\\Job\\Internship\\hongoctuananh\\assets\\ThankYou.jpg","statementMap":{"0":{"start":{"line":1,"column":0},"end":{"line":4,"column":6}}},"fnMap":{},"branchMap":{},"s":{"0":1},"f":{},"b":{},"_coverageSchema":"43e27e138ebf9cfc5966b082cf9a028302ed4184","hash":"cbb3fb5941a1a8684ba65b78065abca9d5699094"}
,"D:\\Job\\Internship\\hongoctuananh\\assets\\background.jpg": {"path":"D:\\Job\\Internship\\hongoctuananh\\assets\\background.jpg","statementMap":{"0":{"start":{"line":1,"column":0},"end":{"line":4,"column":6}}},"fnMap":{},"branchMap":{},"s":{"0":1},"f":{},"b":{},"_coverageSchema":"43e27e138ebf9cfc5966b082cf9a028302ed4184","hash":"3f22ab9d45470bfaf304d90da93bb6ce7e183226"}
,"D:\\Job\\Internship\\hongoctuananh\\assets\\cash.jpg": {"path":"D:\\Job\\Internship\\hongoctuananh\\assets\\cash.jpg","statementMap":{"0":{"start":{"line":1,"column":0},"end":{"line":4,"column":6}}},"fnMap":{},"branchMap":{},"s":{"0":1},"f":{},"b":{},"_coverageSchema":"43e27e138ebf9cfc5966b082cf9a028302ed4184","hash":"9ef63ae9879090f01d462740e28381a2717b4a35"}
,"D:\\Job\\Internship\\hongoctuananh\\src\\components\\BarsIcon.js": {"path":"D:\\Job\\Internship\\hongoctuananh\\src\\components\\BarsIcon.js","statementMap":{"0":{"start":{"line":8,"column":21},"end":{"line":10,"column":3}},"1":{"start":{"line":13,"column":22},"end":{"line":13,"column":32}},"2":{"start":{"line":14,"column":4},"end":{"line":18,"column":6}}},"fnMap":{"0":{"name":"(anonymous_0)","decl":{"start":{"line":12,"column":2},"end":{"line":12,"column":3}},"loc":{"start":{"line":12,"column":11},"end":{"line":19,"column":3}},"line":12}},"branchMap":{},"s":{"0":2,"1":19,"2":19},"f":{"0":19},"b":{},"_coverageSchema":"43e27e138ebf9cfc5966b082cf9a028302ed4184","hash":"53dbfa508e183b70abffc3dc05e07b3f2de47edc"}
,"D:\\Job\\Internship\\hongoctuananh\\src\\components\\CartIcon.js": {"path":"D:\\Job\\Internship\\hongoctuananh\\src\\components\\CartIcon.js","statementMap":{"0":{"start":{"line":11,"column":38},"end":{"line":11,"column":48}},"1":{"start":{"line":12,"column":27},"end":{"line":12,"column":48}},"2":{"start":{"line":13,"column":4},"end":{"line":22,"column":6}},"3":{"start":{"line":26,"column":0},"end":{"line":29,"column":2}},"4":{"start":{"line":31,"column":24},"end":{"line":33,"column":2}},"5":{"start":{"line":31,"column":34},"end":{"line":33,"column":1}}},"fnMap":{"0":{"name":"(anonymous_0)","decl":{"start":{"line":10,"column":2},"end":{"line":10,"column":3}},"loc":{"start":{"line":10,"column":11},"end":{"line":23,"column":3}},"line":10},"1":{"name":"(anonymous_1)","decl":{"start":{"line":31,"column":24},"end":{"line":31,"column":25}},"loc":{"start":{"line":31,"column":34},"end":{"line":33,"column":1}},"line":31}},"branchMap":{"0":{"loc":{"start":{"line":16,"column":9},"end":{"line":20,"column":14}},"type":"cond-expr","locations":[{"start":{"line":17,"column":10},"end":{"line":19,"column":17}},{"start":{"line":20,"column":10},"end":{"line":20,"column":14}}],"line":16}},"s":{"0":19,"1":19,"2":19,"3":2,"4":2,"5":13},"f":{"0":19,"1":13},"b":{"0":[4,15]},"_coverageSchema":"43e27e138ebf9cfc5966b082cf9a028302ed4184","hash":"4b189c6d63a23f9d889aef2c86180b7b0f90681e"}
,"D:\\Job\\Internship\\hongoctuananh\\src\\components\\FavoriteProductCarousel.js": {"path":"D:\\Job\\Internship\\hongoctuananh\\src\\components\\FavoriteProductCarousel.js","statementMap":{"0":{"start":{"line":11,"column":21},"end":{"line":15,"column":3}},"1":{"start":{"line":17,"column":15},"end":{"line":51,"column":3}},"2":{"start":{"line":18,"column":43},"end":{"line":18,"column":47}},"3":{"start":{"line":19,"column":41},"end":{"line":19,"column":51}},"4":{"start":{"line":20,"column":4},"end":{"line":50,"column":6}},"5":{"start":{"line":23,"column":23},"end":{"line":23,"column":41}},"6":{"start":{"line":32,"column":27},"end":{"line":32,"column":45}},"7":{"start":{"line":54,"column":19},"end":{"line":54,"column":29}},"8":{"start":{"line":55,"column":4},"end":{"line":65,"column":6}},"9":{"start":{"line":62,"column":10},"end":{"line":62,"column":29}}},"fnMap":{"0":{"name":"(anonymous_0)","decl":{"start":{"line":17,"column":15},"end":{"line":17,"column":16}},"loc":{"start":{"line":17,"column":34},"end":{"line":51,"column":3}},"line":17},"1":{"name":"(anonymous_1)","decl":{"start":{"line":23,"column":17},"end":{"line":23,"column":18}},"loc":{"start":{"line":23,"column":23},"end":{"line":23,"column":41}},"line":23},"2":{"name":"(anonymous_2)","decl":{"start":{"line":32,"column":21},"end":{"line":32,"column":22}},"loc":{"start":{"line":32,"column":27},"end":{"line":32,"column":45}},"line":32},"3":{"name":"(anonymous_3)","decl":{"start":{"line":53,"column":2},"end":{"line":53,"column":3}},"loc":{"start":{"line":53,"column":11},"end":{"line":66,"column":3}},"line":53},"4":{"name":"(anonymous_4)","decl":{"start":{"line":61,"column":13},"end":{"line":61,"column":14}},"loc":{"start":{"line":61,"column":18},"end":{"line":63,"column":9}},"line":61}},"branchMap":{},"s":{"0":1,"1":3,"2":9,"3":9,"4":9,"5":2,"6":1,"7":3,"8":3,"9":3},"f":{"0":9,"1":2,"2":1,"3":3,"4":3},"b":{},"_coverageSchema":"43e27e138ebf9cfc5966b082cf9a028302ed4184","hash":"65648a5c1cfcfa60b3e6b0f7c25a466b4125e921"}
,"D:\\Job\\Internship\\hongoctuananh\\src\\components\\NavigationPanel.js": {"path":"D:\\Job\\Internship\\hongoctuananh\\src\\components\\NavigationPanel.js","statementMap":{"0":{"start":{"line":22,"column":10},"end":{"line":24,"column":3}},"1":{"start":{"line":26,"column":13},"end":{"line":36,"column":3}},"2":{"start":{"line":27,"column":25},"end":{"line":27,"column":29}},"3":{"start":{"line":28,"column":26},"end":{"line":28,"column":36}},"4":{"start":{"line":29,"column":4},"end":{"line":35,"column":6}},"5":{"start":{"line":31,"column":23},"end":{"line":31,"column":46}},"6":{"start":{"line":38,"column":11},"end":{"line":47,"column":3}},"7":{"start":{"line":39,"column":27},"end":{"line":39,"column":37}},"8":{"start":{"line":40,"column":4},"end":{"line":46,"column":5}},"9":{"start":{"line":41,"column":6},"end":{"line":41,"column":49}},"10":{"start":{"line":42,"column":6},"end":{"line":42,"column":25}},"11":{"start":{"line":44,"column":6},"end":{"line":44,"column":26}},"12":{"start":{"line":45,"column":6},"end":{"line":45,"column":32}},"13":{"start":{"line":50,"column":38},"end":{"line":50,"column":48}},"14":{"start":{"line":59,"column":8},"end":{"line":59,"column":18}},"15":{"start":{"line":60,"column":4},"end":{"line":167,"column":6}},"16":{"start":{"line":85,"column":37},"end":{"line":85,"column":71}},"17":{"start":{"line":95,"column":37},"end":{"line":95,"column":71}},"18":{"start":{"line":106,"column":44},"end":{"line":106,"column":52}},"19":{"start":{"line":114,"column":35},"end":{"line":114,"column":68}},"20":{"start":{"line":125,"column":35},"end":{"line":125,"column":68}},"21":{"start":{"line":171,"column":0},"end":{"line":181,"column":2}},"22":{"start":{"line":183,"column":24},"end":{"line":186,"column":2}},"23":{"start":{"line":183,"column":34},"end":{"line":186,"column":1}},"24":{"start":{"line":188,"column":27},"end":{"line":190,"column":2}},"25":{"start":{"line":188,"column":40},"end":{"line":190,"column":1}},"26":{"start":{"line":189,"column":29},"end":{"line":189,"column":62}}},"fnMap":{"0":{"name":"(anonymous_0)","decl":{"start":{"line":26,"column":13},"end":{"line":26,"column":14}},"loc":{"start":{"line":26,"column":25},"end":{"line":36,"column":3}},"line":26},"1":{"name":"(anonymous_1)","decl":{"start":{"line":31,"column":17},"end":{"line":31,"column":18}},"loc":{"start":{"line":31,"column":23},"end":{"line":31,"column":46}},"line":31},"2":{"name":"(anonymous_2)","decl":{"start":{"line":38,"column":11},"end":{"line":38,"column":12}},"loc":{"start":{"line":38,"column":23},"end":{"line":47,"column":3}},"line":38},"3":{"name":"(anonymous_3)","decl":{"start":{"line":49,"column":2},"end":{"line":49,"column":3}},"loc":{"start":{"line":49,"column":11},"end":{"line":168,"column":3}},"line":49},"4":{"name":"(anonymous_4)","decl":{"start":{"line":85,"column":31},"end":{"line":85,"column":32}},"loc":{"start":{"line":85,"column":37},"end":{"line":85,"column":71}},"line":85},"5":{"name":"(anonymous_5)","decl":{"start":{"line":95,"column":31},"end":{"line":95,"column":32}},"loc":{"start":{"line":95,"column":37},"end":{"line":95,"column":71}},"line":95},"6":{"name":"(anonymous_6)","decl":{"start":{"line":106,"column":36},"end":{"line":106,"column":37}},"loc":{"start":{"line":106,"column":44},"end":{"line":106,"column":52}},"line":106},"7":{"name":"(anonymous_7)","decl":{"start":{"line":114,"column":29},"end":{"line":114,"column":30}},"loc":{"start":{"line":114,"column":35},"end":{"line":114,"column":68}},"line":114},"8":{"name":"(anonymous_8)","decl":{"start":{"line":125,"column":29},"end":{"line":125,"column":30}},"loc":{"start":{"line":125,"column":35},"end":{"line":125,"column":68}},"line":125},"9":{"name":"(anonymous_9)","decl":{"start":{"line":183,"column":24},"end":{"line":183,"column":25}},"loc":{"start":{"line":183,"column":34},"end":{"line":186,"column":1}},"line":183},"10":{"name":"(anonymous_10)","decl":{"start":{"line":188,"column":27},"end":{"line":188,"column":28}},"loc":{"start":{"line":188,"column":40},"end":{"line":190,"column":1}},"line":188},"11":{"name":"(anonymous_11)","decl":{"start":{"line":189,"column":16},"end":{"line":189,"column":17}},"loc":{"start":{"line":189,"column":29},"end":{"line":189,"column":62}},"line":189}},"branchMap":{"0":{"loc":{"start":{"line":81,"column":15},"end":{"line":130,"column":15}},"type":"cond-expr","locations":[{"start":{"line":82,"column":16},"end":{"line":110,"column":19}},{"start":{"line":112,"column":16},"end":{"line":129,"column":23}}],"line":81},"1":{"loc":{"start":{"line":137,"column":15},"end":{"line":162,"column":15}},"type":"cond-expr","locations":[{"start":{"line":138,"column":16},"end":{"line":143,"column":35}},{"start":{"line":145,"column":16},"end":{"line":161,"column":19}}],"line":137}},"s":{"0":19,"1":19,"2":2,"3":2,"4":2,"5":1,"6":19,"7":1,"8":1,"9":1,"10":0,"11":0,"12":0,"13":27,"14":27,"15":27,"16":0,"17":0,"18":2,"19":1,"20":0,"21":3,"22":3,"23":19,"24":3,"25":19,"26":0},"f":{"0":2,"1":1,"2":1,"3":27,"4":0,"5":0,"6":2,"7":1,"8":0,"9":19,"10":19,"11":0},"b":{"0":[1,26],"1":[16,11]},"_coverageSchema":"43e27e138ebf9cfc5966b082cf9a028302ed4184","hash":"eebf1f72aa49bdd586d2dea0d9eb61f4d15d179f"}
,"D:\\Job\\Internship\\hongoctuananh\\src\\components\\OrderPanel.js": {"path":"D:\\Job\\Internship\\hongoctuananh\\src\\components\\OrderPanel.js","statementMap":{"0":{"start":{"line":23,"column":17},"end":{"line":73,"column":1}},"1":{"start":{"line":76,"column":10},"end":{"line":86,"column":3}},"2":{"start":{"line":88,"column":21},"end":{"line":120,"column":3}},"3":{"start":{"line":90,"column":60},"end":{"line":90,"column":70}},"4":{"start":{"line":91,"column":18},"end":{"line":91,"column":29}},"5":{"start":{"line":92,"column":4},"end":{"line":116,"column":5}},"6":{"start":{"line":93,"column":21},"end":{"line":93,"column":59}},"7":{"start":{"line":95,"column":6},"end":{"line":111,"column":7}},"8":{"start":{"line":96,"column":8},"end":{"line":102,"column":11}},"9":{"start":{"line":104,"column":8},"end":{"line":110,"column":11}},"10":{"start":{"line":114,"column":6},"end":{"line":114,"column":26}},"11":{"start":{"line":115,"column":6},"end":{"line":115,"column":32}},"12":{"start":{"line":117,"column":17},"end":{"line":117,"column":60}},"13":{"start":{"line":118,"column":4},"end":{"line":118,"column":34}},"14":{"start":{"line":119,"column":4},"end":{"line":119,"column":38}},"15":{"start":{"line":122,"column":23},"end":{"line":137,"column":3}},"16":{"start":{"line":123,"column":20},"end":{"line":123,"column":69}},"17":{"start":{"line":123,"column":44},"end":{"line":123,"column":68}},"18":{"start":{"line":124,"column":21},"end":{"line":124,"column":71}},"19":{"start":{"line":124,"column":45},"end":{"line":124,"column":70}},"20":{"start":{"line":125,"column":23},"end":{"line":125,"column":75}},"21":{"start":{"line":125,"column":47},"end":{"line":125,"column":74}},"22":{"start":{"line":126,"column":4},"end":{"line":128,"column":5}},"23":{"start":{"line":127,"column":6},"end":{"line":127,"column":47}},"24":{"start":{"line":129,"column":4},"end":{"line":131,"column":5}},"25":{"start":{"line":130,"column":6},"end":{"line":130,"column":49}},"26":{"start":{"line":132,"column":4},"end":{"line":136,"column":7}},"27":{"start":{"line":139,"column":13},"end":{"line":164,"column":3}},"28":{"start":{"line":140,"column":27},"end":{"line":140,"column":31}},"29":{"start":{"line":141,"column":19},"end":{"line":141,"column":29}},"30":{"start":{"line":142,"column":4},"end":{"line":163,"column":5}},"31":{"start":{"line":143,"column":6},"end":{"line":153,"column":8}},"32":{"start":{"line":145,"column":25},"end":{"line":145,"column":53}},"33":{"start":{"line":155,"column":6},"end":{"line":162,"column":8}},"34":{"start":{"line":157,"column":25},"end":{"line":157,"column":53}},"35":{"start":{"line":166,"column":14},"end":{"line":191,"column":3}},"36":{"start":{"line":167,"column":27},"end":{"line":167,"column":31}},"37":{"start":{"line":168,"column":20},"end":{"line":168,"column":30}},"38":{"start":{"line":169,"column":4},"end":{"line":190,"column":5}},"39":{"start":{"line":170,"column":6},"end":{"line":180,"column":8}},"40":{"start":{"line":172,"column":25},"end":{"line":172,"column":54}},"41":{"start":{"line":182,"column":6},"end":{"line":189,"column":8}},"42":{"start":{"line":184,"column":25},"end":{"line":184,"column":54}},"43":{"start":{"line":193,"column":16},"end":{"line":226,"column":3}},"44":{"start":{"line":194,"column":27},"end":{"line":194,"column":31}},"45":{"start":{"line":195,"column":18},"end":{"line":195,"column":41}},"46":{"start":{"line":196,"column":23},"end":{"line":196,"column":46}},"47":{"start":{"line":197,"column":4},"end":{"line":225,"column":5}},"48":{"start":{"line":198,"column":6},"end":{"line":212,"column":8}},"49":{"start":{"line":201,"column":24},"end":{"line":201,"column":73}},"50":{"start":{"line":201,"column":54},"end":{"line":201,"column":72}},"51":{"start":{"line":202,"column":12},"end":{"line":202,"column":37}},"52":{"start":{"line":203,"column":12},"end":{"line":203,"column":46}},"53":{"start":{"line":214,"column":6},"end":{"line":224,"column":8}},"54":{"start":{"line":217,"column":12},"end":{"line":217,"column":32}},"55":{"start":{"line":218,"column":12},"end":{"line":218,"column":46}},"56":{"start":{"line":228,"column":19},"end":{"line":266,"column":3}},"57":{"start":{"line":229,"column":26},"end":{"line":229,"column":36}},"58":{"start":{"line":230,"column":18},"end":{"line":230,"column":29}},"59":{"start":{"line":232,"column":21},"end":{"line":232,"column":26}},"60":{"start":{"line":242,"column":8},"end":{"line":242,"column":18}},"61":{"start":{"line":244,"column":21},"end":{"line":244,"column":72}},"62":{"start":{"line":244,"column":48},"end":{"line":244,"column":71}},"63":{"start":{"line":245,"column":4},"end":{"line":247,"column":5}},"64":{"start":{"line":246,"column":6},"end":{"line":246,"column":61}},"65":{"start":{"line":249,"column":22},"end":{"line":249,"column":75}},"66":{"start":{"line":249,"column":50},"end":{"line":249,"column":74}},"67":{"start":{"line":250,"column":4},"end":{"line":252,"column":5}},"68":{"start":{"line":251,"column":6},"end":{"line":251,"column":62}},"69":{"start":{"line":254,"column":4},"end":{"line":261,"column":7}},"70":{"start":{"line":255,"column":26},"end":{"line":257,"column":7}},"71":{"start":{"line":256,"column":20},"end":{"line":256,"column":50}},"72":{"start":{"line":258,"column":6},"end":{"line":260,"column":7}},"73":{"start":{"line":259,"column":8},"end":{"line":259,"column":66}},"74":{"start":{"line":263,"column":4},"end":{"line":263,"column":51}},"75":{"start":{"line":265,"column":4},"end":{"line":265,"column":22}},"76":{"start":{"line":268,"column":20},"end":{"line":325,"column":3}},"77":{"start":{"line":269,"column":24},"end":{"line":269,"column":34}},"78":{"start":{"line":270,"column":26},"end":{"line":270,"column":36}},"79":{"start":{"line":279,"column":8},"end":{"line":279,"column":18}},"80":{"start":{"line":280,"column":20},"end":{"line":280,"column":22}},"81":{"start":{"line":282,"column":4},"end":{"line":282,"column":40}},"82":{"start":{"line":284,"column":4},"end":{"line":284,"column":31}},"83":{"start":{"line":285,"column":4},"end":{"line":285,"column":36}},"84":{"start":{"line":286,"column":21},"end":{"line":286,"column":72}},"85":{"start":{"line":286,"column":48},"end":{"line":286,"column":71}},"86":{"start":{"line":287,"column":4},"end":{"line":290,"column":5}},"87":{"start":{"line":288,"column":6},"end":{"line":288,"column":49}},"88":{"start":{"line":289,"column":6},"end":{"line":289,"column":56}},"89":{"start":{"line":291,"column":22},"end":{"line":291,"column":75}},"90":{"start":{"line":291,"column":50},"end":{"line":291,"column":74}},"91":{"start":{"line":292,"column":4},"end":{"line":295,"column":5}},"92":{"start":{"line":293,"column":6},"end":{"line":293,"column":50}},"93":{"start":{"line":294,"column":6},"end":{"line":294,"column":57}},"94":{"start":{"line":296,"column":4},"end":{"line":304,"column":7}},"95":{"start":{"line":297,"column":26},"end":{"line":299,"column":7}},"96":{"start":{"line":298,"column":20},"end":{"line":298,"column":50}},"97":{"start":{"line":300,"column":6},"end":{"line":303,"column":7}},"98":{"start":{"line":301,"column":8},"end":{"line":301,"column":54}},"99":{"start":{"line":302,"column":8},"end":{"line":302,"column":61}},"100":{"start":{"line":306,"column":4},"end":{"line":306,"column":42}},"101":{"start":{"line":308,"column":19},"end":{"line":313,"column":5}},"102":{"start":{"line":315,"column":4},"end":{"line":315,"column":40}},"103":{"start":{"line":316,"column":4},"end":{"line":316,"column":48}},"104":{"start":{"line":317,"column":4},"end":{"line":317,"column":34}},"105":{"start":{"line":319,"column":54},"end":{"line":319,"column":64}},"106":{"start":{"line":320,"column":4},"end":{"line":324,"column":5}},"107":{"start":{"line":321,"column":6},"end":{"line":321,"column":27}},"108":{"start":{"line":323,"column":6},"end":{"line":323,"column":57}},"109":{"start":{"line":328,"column":63},"end":{"line":328,"column":73}},"110":{"start":{"line":329,"column":30},"end":{"line":329,"column":41}},"111":{"start":{"line":337,"column":8},"end":{"line":337,"column":18}},"112":{"start":{"line":338,"column":23},"end":{"line":338,"column":44}},"113":{"start":{"line":339,"column":37},"end":{"line":339,"column":47}},"114":{"start":{"line":341,"column":4},"end":{"line":497,"column":6}},"115":{"start":{"line":347,"column":10},"end":{"line":347,"column":25}},"116":{"start":{"line":348,"column":10},"end":{"line":348,"column":43}},"117":{"start":{"line":361,"column":20},"end":{"line":361,"column":30}},"118":{"start":{"line":362,"column":20},"end":{"line":362,"column":53}},"119":{"start":{"line":386,"column":46},"end":{"line":386,"column":56}},"120":{"start":{"line":403,"column":46},"end":{"line":403,"column":56}},"121":{"start":{"line":420,"column":46},"end":{"line":420,"column":56}},"122":{"start":{"line":440,"column":44},"end":{"line":440,"column":76}},"123":{"start":{"line":469,"column":22},"end":{"line":477,"column":23}},"124":{"start":{"line":470,"column":24},"end":{"line":470,"column":50}},"125":{"start":{"line":471,"column":29},"end":{"line":477,"column":23}},"126":{"start":{"line":472,"column":24},"end":{"line":472,"column":51}},"127":{"start":{"line":474,"column":24},"end":{"line":474,"column":57}},"128":{"start":{"line":475,"column":24},"end":{"line":475,"column":39}},"129":{"start":{"line":476,"column":24},"end":{"line":476,"column":57}},"130":{"start":{"line":485,"column":22},"end":{"line":485,"column":55}},"131":{"start":{"line":486,"column":22},"end":{"line":486,"column":37}},"132":{"start":{"line":487,"column":22},"end":{"line":487,"column":55}},"133":{"start":{"line":501,"column":0},"end":{"line":508,"column":2}},"134":{"start":{"line":510,"column":24},"end":{"line":510,"column":37}},"135":{"start":{"line":510,"column":34},"end":{"line":510,"column":36}},"136":{"start":{"line":512,"column":27},"end":{"line":516,"column":2}},"137":{"start":{"line":512,"column":40},"end":{"line":516,"column":1}},"138":{"start":{"line":513,"column":26},"end":{"line":513,"column":56}},"139":{"start":{"line":515,"column":4},"end":{"line":515,"column":64}}},"fnMap":{"0":{"name":"(anonymous_0)","decl":{"start":{"line":88,"column":21},"end":{"line":88,"column":22}},"loc":{"start":{"line":88,"column":33},"end":{"line":120,"column":3}},"line":88},"1":{"name":"(anonymous_1)","decl":{"start":{"line":122,"column":23},"end":{"line":122,"column":24}},"loc":{"start":{"line":122,"column":31},"end":{"line":137,"column":3}},"line":122},"2":{"name":"(anonymous_2)","decl":{"start":{"line":123,"column":32},"end":{"line":123,"column":33}},"loc":{"start":{"line":123,"column":44},"end":{"line":123,"column":68}},"line":123},"3":{"name":"(anonymous_3)","decl":{"start":{"line":124,"column":33},"end":{"line":124,"column":34}},"loc":{"start":{"line":124,"column":45},"end":{"line":124,"column":70}},"line":124},"4":{"name":"(anonymous_4)","decl":{"start":{"line":125,"column":35},"end":{"line":125,"column":36}},"loc":{"start":{"line":125,"column":47},"end":{"line":125,"column":74}},"line":125},"5":{"name":"(anonymous_5)","decl":{"start":{"line":139,"column":13},"end":{"line":139,"column":14}},"loc":{"start":{"line":139,"column":25},"end":{"line":164,"column":3}},"line":139},"6":{"name":"(anonymous_6)","decl":{"start":{"line":145,"column":19},"end":{"line":145,"column":20}},"loc":{"start":{"line":145,"column":25},"end":{"line":145,"column":53}},"line":145},"7":{"name":"(anonymous_7)","decl":{"start":{"line":157,"column":19},"end":{"line":157,"column":20}},"loc":{"start":{"line":157,"column":25},"end":{"line":157,"column":53}},"line":157},"8":{"name":"(anonymous_8)","decl":{"start":{"line":166,"column":14},"end":{"line":166,"column":15}},"loc":{"start":{"line":166,"column":26},"end":{"line":191,"column":3}},"line":166},"9":{"name":"(anonymous_9)","decl":{"start":{"line":172,"column":19},"end":{"line":172,"column":20}},"loc":{"start":{"line":172,"column":25},"end":{"line":172,"column":54}},"line":172},"10":{"name":"(anonymous_10)","decl":{"start":{"line":184,"column":19},"end":{"line":184,"column":20}},"loc":{"start":{"line":184,"column":25},"end":{"line":184,"column":54}},"line":184},"11":{"name":"(anonymous_11)","decl":{"start":{"line":193,"column":16},"end":{"line":193,"column":17}},"loc":{"start":{"line":193,"column":28},"end":{"line":226,"column":3}},"line":193},"12":{"name":"(anonymous_12)","decl":{"start":{"line":200,"column":19},"end":{"line":200,"column":20}},"loc":{"start":{"line":200,"column":25},"end":{"line":204,"column":11}},"line":200},"13":{"name":"(anonymous_13)","decl":{"start":{"line":201,"column":42},"end":{"line":201,"column":43}},"loc":{"start":{"line":201,"column":54},"end":{"line":201,"column":72}},"line":201},"14":{"name":"(anonymous_14)","decl":{"start":{"line":216,"column":19},"end":{"line":216,"column":20}},"loc":{"start":{"line":216,"column":25},"end":{"line":219,"column":11}},"line":216},"15":{"name":"(anonymous_15)","decl":{"start":{"line":228,"column":19},"end":{"line":228,"column":20}},"loc":{"start":{"line":228,"column":25},"end":{"line":266,"column":3}},"line":228},"16":{"name":"(anonymous_16)","decl":{"start":{"line":244,"column":36},"end":{"line":244,"column":37}},"loc":{"start":{"line":244,"column":48},"end":{"line":244,"column":71}},"line":244},"17":{"name":"(anonymous_17)","decl":{"start":{"line":249,"column":38},"end":{"line":249,"column":39}},"loc":{"start":{"line":249,"column":50},"end":{"line":249,"column":74}},"line":249},"18":{"name":"(anonymous_18)","decl":{"start":{"line":254,"column":20},"end":{"line":254,"column":21}},"loc":{"start":{"line":254,"column":35},"end":{"line":261,"column":5}},"line":254},"19":{"name":"(anonymous_19)","decl":{"start":{"line":256,"column":8},"end":{"line":256,"column":9}},"loc":{"start":{"line":256,"column":20},"end":{"line":256,"column":50}},"line":256},"20":{"name":"(anonymous_20)","decl":{"start":{"line":268,"column":20},"end":{"line":268,"column":21}},"loc":{"start":{"line":268,"column":34},"end":{"line":325,"column":3}},"line":268},"21":{"name":"(anonymous_21)","decl":{"start":{"line":286,"column":36},"end":{"line":286,"column":37}},"loc":{"start":{"line":286,"column":48},"end":{"line":286,"column":71}},"line":286},"22":{"name":"(anonymous_22)","decl":{"start":{"line":291,"column":38},"end":{"line":291,"column":39}},"loc":{"start":{"line":291,"column":50},"end":{"line":291,"column":74}},"line":291},"23":{"name":"(anonymous_23)","decl":{"start":{"line":296,"column":20},"end":{"line":296,"column":21}},"loc":{"start":{"line":296,"column":35},"end":{"line":304,"column":5}},"line":296},"24":{"name":"(anonymous_24)","decl":{"start":{"line":298,"column":8},"end":{"line":298,"column":9}},"loc":{"start":{"line":298,"column":20},"end":{"line":298,"column":50}},"line":298},"25":{"name":"(anonymous_25)","decl":{"start":{"line":327,"column":2},"end":{"line":327,"column":3}},"loc":{"start":{"line":327,"column":11},"end":{"line":498,"column":3}},"line":327},"26":{"name":"(anonymous_26)","decl":{"start":{"line":346,"column":24},"end":{"line":346,"column":25}},"loc":{"start":{"line":346,"column":30},"end":{"line":349,"column":9}},"line":346},"27":{"name":"(anonymous_27)","decl":{"start":{"line":360,"column":27},"end":{"line":360,"column":28}},"loc":{"start":{"line":360,"column":33},"end":{"line":363,"column":19}},"line":360},"28":{"name":"(anonymous_28)","decl":{"start":{"line":386,"column":38},"end":{"line":386,"column":39}},"loc":{"start":{"line":386,"column":46},"end":{"line":386,"column":56}},"line":386},"29":{"name":"(anonymous_29)","decl":{"start":{"line":403,"column":38},"end":{"line":403,"column":39}},"loc":{"start":{"line":403,"column":46},"end":{"line":403,"column":56}},"line":403},"30":{"name":"(anonymous_30)","decl":{"start":{"line":420,"column":38},"end":{"line":420,"column":39}},"loc":{"start":{"line":420,"column":46},"end":{"line":420,"column":56}},"line":420},"31":{"name":"(anonymous_31)","decl":{"start":{"line":440,"column":35},"end":{"line":440,"column":36}},"loc":{"start":{"line":440,"column":44},"end":{"line":440,"column":76}},"line":440},"32":{"name":"(anonymous_32)","decl":{"start":{"line":468,"column":29},"end":{"line":468,"column":30}},"loc":{"start":{"line":468,"column":35},"end":{"line":478,"column":21}},"line":468},"33":{"name":"(anonymous_33)","decl":{"start":{"line":484,"column":29},"end":{"line":484,"column":30}},"loc":{"start":{"line":484,"column":35},"end":{"line":488,"column":21}},"line":484},"34":{"name":"(anonymous_34)","decl":{"start":{"line":510,"column":24},"end":{"line":510,"column":25}},"loc":{"start":{"line":510,"column":34},"end":{"line":510,"column":36}},"line":510},"35":{"name":"(anonymous_35)","decl":{"start":{"line":512,"column":27},"end":{"line":512,"column":28}},"loc":{"start":{"line":512,"column":40},"end":{"line":516,"column":1}},"line":512},"36":{"name":"(anonymous_36)","decl":{"start":{"line":513,"column":13},"end":{"line":513,"column":14}},"loc":{"start":{"line":513,"column":26},"end":{"line":513,"column":56}},"line":513},"37":{"name":"(anonymous_37)","decl":{"start":{"line":514,"column":19},"end":{"line":514,"column":20}},"loc":{"start":{"line":515,"column":4},"end":{"line":515,"column":64}},"line":515}},"branchMap":{"0":{"loc":{"start":{"line":95,"column":6},"end":{"line":111,"column":7}},"type":"if","locations":[{"start":{"line":95,"column":6},"end":{"line":111,"column":7}},{"start":{"line":95,"column":6},"end":{"line":111,"column":7}}],"line":95},"1":{"loc":{"start":{"line":126,"column":4},"end":{"line":128,"column":5}},"type":"if","locations":[{"start":{"line":126,"column":4},"end":{"line":128,"column":5}},{"start":{"line":126,"column":4},"end":{"line":128,"column":5}}],"line":126},"2":{"loc":{"start":{"line":129,"column":4},"end":{"line":131,"column":5}},"type":"if","locations":[{"start":{"line":129,"column":4},"end":{"line":131,"column":5}},{"start":{"line":129,"column":4},"end":{"line":131,"column":5}}],"line":129},"3":{"loc":{"start":{"line":142,"column":4},"end":{"line":163,"column":5}},"type":"if","locations":[{"start":{"line":142,"column":4},"end":{"line":163,"column":5}},{"start":{"line":142,"column":4},"end":{"line":163,"column":5}}],"line":142},"4":{"loc":{"start":{"line":169,"column":4},"end":{"line":190,"column":5}},"type":"if","locations":[{"start":{"line":169,"column":4},"end":{"line":190,"column":5}},{"start":{"line":169,"column":4},"end":{"line":190,"column":5}}],"line":169},"5":{"loc":{"start":{"line":197,"column":4},"end":{"line":225,"column":5}},"type":"if","locations":[{"start":{"line":197,"column":4},"end":{"line":225,"column":5}},{"start":{"line":197,"column":4},"end":{"line":225,"column":5}}],"line":197},"6":{"loc":{"start":{"line":245,"column":4},"end":{"line":247,"column":5}},"type":"if","locations":[{"start":{"line":245,"column":4},"end":{"line":247,"column":5}},{"start":{"line":245,"column":4},"end":{"line":247,"column":5}}],"line":245},"7":{"loc":{"start":{"line":250,"column":4},"end":{"line":252,"column":5}},"type":"if","locations":[{"start":{"line":250,"column":4},"end":{"line":252,"column":5}},{"start":{"line":250,"column":4},"end":{"line":252,"column":5}}],"line":250},"8":{"loc":{"start":{"line":258,"column":6},"end":{"line":260,"column":7}},"type":"if","locations":[{"start":{"line":258,"column":6},"end":{"line":260,"column":7}},{"start":{"line":258,"column":6},"end":{"line":260,"column":7}}],"line":258},"9":{"loc":{"start":{"line":287,"column":4},"end":{"line":290,"column":5}},"type":"if","locations":[{"start":{"line":287,"column":4},"end":{"line":290,"column":5}},{"start":{"line":287,"column":4},"end":{"line":290,"column":5}}],"line":287},"10":{"loc":{"start":{"line":292,"column":4},"end":{"line":295,"column":5}},"type":"if","locations":[{"start":{"line":292,"column":4},"end":{"line":295,"column":5}},{"start":{"line":292,"column":4},"end":{"line":295,"column":5}}],"line":292},"11":{"loc":{"start":{"line":300,"column":6},"end":{"line":303,"column":7}},"type":"if","locations":[{"start":{"line":300,"column":6},"end":{"line":303,"column":7}},{"start":{"line":300,"column":6},"end":{"line":303,"column":7}}],"line":300},"12":{"loc":{"start":{"line":320,"column":4},"end":{"line":324,"column":5}},"type":"if","locations":[{"start":{"line":320,"column":4},"end":{"line":324,"column":5}},{"start":{"line":320,"column":4},"end":{"line":324,"column":5}}],"line":320},"13":{"loc":{"start":{"line":351,"column":9},"end":{"line":495,"column":9}},"type":"cond-expr","locations":[{"start":{"line":352,"column":10},"end":{"line":354,"column":17}},{"start":{"line":356,"column":10},"end":{"line":494,"column":13}}],"line":351},"14":{"loc":{"start":{"line":375,"column":17},"end":{"line":391,"column":24}},"type":"cond-expr","locations":[{"start":{"line":376,"column":18},"end":{"line":390,"column":21}},{"start":{"line":391,"column":20},"end":{"line":391,"column":24}}],"line":375},"15":{"loc":{"start":{"line":392,"column":17},"end":{"line":408,"column":24}},"type":"cond-expr","locations":[{"start":{"line":393,"column":18},"end":{"line":407,"column":21}},{"start":{"line":408,"column":20},"end":{"line":408,"column":24}}],"line":392},"16":{"loc":{"start":{"line":409,"column":17},"end":{"line":425,"column":24}},"type":"cond-expr","locations":[{"start":{"line":410,"column":18},"end":{"line":424,"column":21}},{"start":{"line":425,"column":20},"end":{"line":425,"column":24}}],"line":409},"17":{"loc":{"start":{"line":465,"column":17},"end":{"line":491,"column":17}},"type":"cond-expr","locations":[{"start":{"line":466,"column":18},"end":{"line":480,"column":37}},{"start":{"line":482,"column":18},"end":{"line":490,"column":37}}],"line":465},"18":{"loc":{"start":{"line":469,"column":22},"end":{"line":477,"column":23}},"type":"if","locations":[{"start":{"line":469,"column":22},"end":{"line":477,"column":23}},{"start":{"line":469,"column":22},"end":{"line":477,"column":23}}],"line":469},"19":{"loc":{"start":{"line":469,"column":26},"end":{"line":469,"column":63}},"type":"binary-expr","locations":[{"start":{"line":469,"column":26},"end":{"line":469,"column":48}},{"start":{"line":469,"column":52},"end":{"line":469,"column":63}}],"line":469},"20":{"loc":{"start":{"line":471,"column":29},"end":{"line":477,"column":23}},"type":"if","locations":[{"start":{"line":471,"column":29},"end":{"line":477,"column":23}},{"start":{"line":471,"column":29},"end":{"line":477,"column":23}}],"line":471},"21":{"loc":{"start":{"line":471,"column":33},"end":{"line":471,"column":72}},"type":"binary-expr","locations":[{"start":{"line":471,"column":33},"end":{"line":471,"column":56}},{"start":{"line":471,"column":60},"end":{"line":471,"column":72}}],"line":471}},"s":{"0":3,"1":12,"2":12,"3":0,"4":0,"5":0,"6":0,"7":0,"8":0,"9":0,"10":0,"11":0,"12":0,"13":0,"14":0,"15":12,"16":7,"17":42,"18":7,"19":42,"20":7,"21":42,"22":7,"23":7,"24":7,"25":7,"26":7,"27":12,"28":26,"29":26,"30":26,"31":13,"32":0,"33":13,"34":1,"35":12,"36":26,"37":26,"38":26,"39":13,"40":0,"41":13,"42":1,"43":12,"44":26,"45":26,"46":26,"47":26,"48":8,"49":1,"50":1,"51":1,"52":1,"53":18,"54":2,"55":2,"56":12,"57":48,"58":48,"59":48,"60":48,"61":48,"62":24,"63":48,"64":21,"65":48,"66":24,"67":48,"68":21,"69":48,"70":10,"71":15,"72":10,"73":10,"74":48,"75":48,"76":12,"77":0,"78":0,"79":0,"80":0,"81":0,"82":0,"83":0,"84":0,"85":0,"86":0,"87":0,"88":0,"89":0,"90":0,"91":0,"92":0,"93":0,"94":0,"95":0,"96":0,"97":0,"98":0,"99":0,"100":0,"101":0,"102":0,"103":0,"104":0,"105":0,"106":0,"107":0,"108":0,"109":47,"110":47,"111":47,"112":47,"113":47,"114":47,"115":0,"116":0,"117":0,"118":0,"119":26,"120":26,"121":26,"122":1,"123":0,"124":0,"125":0,"126":0,"127":0,"128":0,"129":0,"130":0,"131":0,"132":0,"133":3,"134":3,"135":12,"136":3,"137":12,"138":0,"139":0},"f":{"0":0,"1":7,"2":42,"3":42,"4":42,"5":26,"6":0,"7":1,"8":26,"9":0,"10":1,"11":26,"12":1,"13":1,"14":2,"15":48,"16":24,"17":24,"18":10,"19":15,"20":0,"21":0,"22":0,"23":0,"24":0,"25":47,"26":0,"27":0,"28":26,"29":26,"30":26,"31":1,"32":0,"33":0,"34":12,"35":12,"36":0,"37":0},"b":{"0":[0,0],"1":[7,0],"2":[7,0],"3":[13,13],"4":[13,13],"5":[8,18],"6":[21,27],"7":[21,27],"8":[10,0],"9":[0,0],"10":[0,0],"11":[0,0],"12":[0,0],"13":[34,13],"14":[13,0],"15":[13,0],"16":[13,0],"17":[13,0],"18":[0,0],"19":[0,0],"20":[0,0],"21":[0,0]},"_coverageSchema":"43e27e138ebf9cfc5966b082cf9a028302ed4184","hash":"863c8e308d52a1c6e1bcc6d6ce2160938acf3b51"}
,"D:\\Job\\Internship\\hongoctuananh\\src\\components\\StringInput.js": {"path":"D:\\Job\\Internship\\hongoctuananh\\src\\components\\StringInput.js","statementMap":{"0":{"start":{"line":8,"column":21},"end":{"line":11,"column":3}},"1":{"start":{"line":14,"column":66},"end":{"line":14,"column":76}},"2":{"start":{"line":15,"column":4},"end":{"line":24,"column":6}}},"fnMap":{"0":{"name":"(anonymous_0)","decl":{"start":{"line":13,"column":2},"end":{"line":13,"column":3}},"loc":{"start":{"line":13,"column":11},"end":{"line":25,"column":3}},"line":13}},"branchMap":{},"s":{"0":1,"1":105,"2":105},"f":{"0":105},"b":{},"_coverageSchema":"43e27e138ebf9cfc5966b082cf9a028302ed4184","hash":"4377b7b36e923113fe1869d57dce919e9087778a"}
,"D:\\Job\\Internship\\hongoctuananh\\src\\components\\TearLines.js": {"path":"D:\\Job\\Internship\\hongoctuananh\\src\\components\\TearLines.js","statementMap":{"0":{"start":{"line":6,"column":26},"end":{"line":6,"column":28}},"1":{"start":{"line":7,"column":27},"end":{"line":7,"column":36}},"2":{"start":{"line":8,"column":33},"end":{"line":8,"column":42}},"3":{"start":{"line":12,"column":4},"end":{"line":12,"column":17}},"4":{"start":{"line":13,"column":4},"end":{"line":15,"column":6}},"5":{"start":{"line":18,"column":4},"end":{"line":18,"column":45}},"6":{"start":{"line":24,"column":4},"end":{"line":26,"column":5}},"7":{"start":{"line":25,"column":6},"end":{"line":25,"column":47}},"8":{"start":{"line":30,"column":4},"end":{"line":30,"column":59}},"9":{"start":{"line":34,"column":4},"end":{"line":34,"column":37}},"10":{"start":{"line":38,"column":4},"end":{"line":38,"column":73}},"11":{"start":{"line":42,"column":4},"end":{"line":46,"column":6}},"12":{"start":{"line":52,"column":19},"end":{"line":52,"column":74}},"13":{"start":{"line":53,"column":4},"end":{"line":114,"column":6}},"14":{"start":{"line":83,"column":10},"end":{"line":95,"column":12}},"15":{"start":{"line":118,"column":0},"end":{"line":135,"column":2}},"16":{"start":{"line":137,"column":15},"end":{"line":167,"column":2}}},"fnMap":{"0":{"name":"(anonymous_0)","decl":{"start":{"line":11,"column":2},"end":{"line":11,"column":3}},"loc":{"start":{"line":11,"column":21},"end":{"line":19,"column":3}},"line":11},"1":{"name":"(anonymous_1)","decl":{"start":{"line":21,"column":2},"end":{"line":21,"column":3}},"loc":{"start":{"line":21,"column":22},"end":{"line":27,"column":3}},"line":21},"2":{"name":"(anonymous_2)","decl":{"start":{"line":29,"column":2},"end":{"line":29,"column":3}},"loc":{"start":{"line":29,"column":18},"end":{"line":31,"column":3}},"line":29},"3":{"name":"(anonymous_3)","decl":{"start":{"line":33,"column":2},"end":{"line":33,"column":3}},"loc":{"start":{"line":33,"column":14},"end":{"line":35,"column":3}},"line":33},"4":{"name":"(anonymous_4)","decl":{"start":{"line":37,"column":2},"end":{"line":37,"column":3}},"loc":{"start":{"line":37,"column":18},"end":{"line":39,"column":3}},"line":37},"5":{"name":"(anonymous_5)","decl":{"start":{"line":41,"column":2},"end":{"line":41,"column":3}},"loc":{"start":{"line":41,"column":15},"end":{"line":47,"column":3}},"line":41},"6":{"name":"(anonymous_6)","decl":{"start":{"line":49,"column":2},"end":{"line":49,"column":3}},"loc":{"start":{"line":49,"column":11},"end":{"line":115,"column":3}},"line":49},"7":{"name":"(anonymous_7)","decl":{"start":{"line":82,"column":42},"end":{"line":82,"column":43}},"loc":{"start":{"line":83,"column":10},"end":{"line":95,"column":12}},"line":83}},"branchMap":{"0":{"loc":{"start":{"line":24,"column":4},"end":{"line":26,"column":5}},"type":"if","locations":[{"start":{"line":24,"column":4},"end":{"line":26,"column":5}},{"start":{"line":24,"column":4},"end":{"line":26,"column":5}}],"line":24},"1":{"loc":{"start":{"line":38,"column":31},"end":{"line":38,"column":71}},"type":"binary-expr","locations":[{"start":{"line":38,"column":31},"end":{"line":38,"column":50}},{"start":{"line":38,"column":54},"end":{"line":38,"column":71}}],"line":38},"2":{"loc":{"start":{"line":44,"column":9},"end":{"line":44,"column":49}},"type":"binary-expr","locations":[{"start":{"line":44,"column":9},"end":{"line":44,"column":28}},{"start":{"line":44,"column":32},"end":{"line":44,"column":49}}],"line":44},"3":{"loc":{"start":{"line":52,"column":22},"end":{"line":52,"column":62}},"type":"binary-expr","locations":[{"start":{"line":52,"column":22},"end":{"line":52,"column":41}},{"start":{"line":52,"column":45},"end":{"line":52,"column":62}}],"line":52},"4":{"loc":{"start":{"line":57,"column":10},"end":{"line":63,"column":15}},"type":"cond-expr","locations":[{"start":{"line":58,"column":14},"end":{"line":60,"column":15}},{"start":{"line":61,"column":14},"end":{"line":63,"column":15}}],"line":57},"5":{"loc":{"start":{"line":70,"column":12},"end":{"line":73,"column":13}},"type":"binary-expr","locations":[{"start":{"line":70,"column":12},"end":{"line":70,"column":31}},{"start":{"line":70,"column":35},"end":{"line":73,"column":13}}],"line":70},"6":{"loc":{"start":{"line":74,"column":12},"end":{"line":76,"column":13}},"type":"binary-expr","locations":[{"start":{"line":74,"column":12},"end":{"line":74,"column":38}},{"start":{"line":74,"column":42},"end":{"line":76,"column":13}}],"line":74},"7":{"loc":{"start":{"line":87,"column":14},"end":{"line":90,"column":15}},"type":"binary-expr","locations":[{"start":{"line":87,"column":14},"end":{"line":87,"column":33}},{"start":{"line":87,"column":37},"end":{"line":90,"column":15}}],"line":87},"8":{"loc":{"start":{"line":91,"column":14},"end":{"line":93,"column":15}},"type":"binary-expr","locations":[{"start":{"line":91,"column":14},"end":{"line":91,"column":30}},{"start":{"line":91,"column":34},"end":{"line":93,"column":15}}],"line":91},"9":{"loc":{"start":{"line":101,"column":12},"end":{"line":104,"column":13}},"type":"binary-expr","locations":[{"start":{"line":101,"column":12},"end":{"line":101,"column":31}},{"start":{"line":101,"column":35},"end":{"line":104,"column":13}}],"line":101},"10":{"loc":{"start":{"line":105,"column":12},"end":{"line":107,"column":13}},"type":"binary-expr","locations":[{"start":{"line":105,"column":12},"end":{"line":105,"column":38}},{"start":{"line":105,"column":42},"end":{"line":107,"column":13}}],"line":105}},"s":{"0":2,"1":2,"2":2,"3":9,"4":9,"5":9,"6":9,"7":9,"8":0,"9":75,"10":125,"11":50,"12":25,"13":25,"14":1186,"15":2,"16":2},"f":{"0":9,"1":9,"2":0,"3":75,"4":125,"5":50,"6":25,"7":1186},"b":{"0":[9,0],"1":[125,125],"2":[50,50],"3":[25,25],"4":[25,0],"5":[25,0],"6":[25,0],"7":[1186,0],"8":[1186,1186],"9":[25,0],"10":[25,0]},"_coverageSchema":"43e27e138ebf9cfc5966b082cf9a028302ed4184","hash":"6acf749ce21cad04af3151371ad4a0463589e68e"}
,"D:\\Job\\Internship\\hongoctuananh\\src\\config\\configAPI.js": {"path":"D:\\Job\\Internship\\hongoctuananh\\src\\config\\configAPI.js","statementMap":{"0":{"start":{"line":1,"column":18},"end":{"line":5,"column":1}}},"fnMap":{},"branchMap":{},"s":{"0":4},"f":{},"b":{},"_coverageSchema":"43e27e138ebf9cfc5966b082cf9a028302ed4184","hash":"7119d4a3ce7077daee930f8a50ef2e6be394ee2f"}
,"D:\\Job\\Internship\\hongoctuananh\\src\\redux\\actions.js": {"path":"D:\\Job\\Internship\\hongoctuananh\\src\\redux\\actions.js","statementMap":{"0":{"start":{"line":1,"column":32},"end":{"line":1,"column":50}},"1":{"start":{"line":2,"column":29},"end":{"line":2,"column":44}},"2":{"start":{"line":3,"column":26},"end":{"line":3,"column":38}},"3":{"start":{"line":4,"column":32},"end":{"line":4,"column":50}},"4":{"start":{"line":5,"column":32},"end":{"line":5,"column":50}},"5":{"start":{"line":6,"column":36},"end":{"line":6,"column":58}},"6":{"start":{"line":8,"column":31},"end":{"line":13,"column":1}},"7":{"start":{"line":9,"column":2},"end":{"line":12,"column":4}},"8":{"start":{"line":15,"column":28},"end":{"line":18,"column":2}},"9":{"start":{"line":15,"column":42},"end":{"line":18,"column":1}},"10":{"start":{"line":20,"column":25},"end":{"line":25,"column":1}},"11":{"start":{"line":21,"column":2},"end":{"line":24,"column":4}},"12":{"start":{"line":27,"column":31},"end":{"line":32,"column":1}},"13":{"start":{"line":28,"column":2},"end":{"line":31,"column":4}},"14":{"start":{"line":34,"column":31},"end":{"line":40,"column":1}},"15":{"start":{"line":35,"column":2},"end":{"line":39,"column":4}},"16":{"start":{"line":42,"column":35},"end":{"line":46,"column":1}},"17":{"start":{"line":43,"column":2},"end":{"line":45,"column":4}}},"fnMap":{"0":{"name":"(anonymous_0)","decl":{"start":{"line":8,"column":31},"end":{"line":8,"column":32}},"loc":{"start":{"line":8,"column":39},"end":{"line":13,"column":1}},"line":8},"1":{"name":"(anonymous_1)","decl":{"start":{"line":15,"column":28},"end":{"line":15,"column":29}},"loc":{"start":{"line":15,"column":42},"end":{"line":18,"column":1}},"line":15},"2":{"name":"(anonymous_2)","decl":{"start":{"line":20,"column":25},"end":{"line":20,"column":26}},"loc":{"start":{"line":20,"column":38},"end":{"line":25,"column":1}},"line":20},"3":{"name":"(anonymous_3)","decl":{"start":{"line":27,"column":31},"end":{"line":27,"column":32}},"loc":{"start":{"line":27,"column":49},"end":{"line":32,"column":1}},"line":27},"4":{"name":"(anonymous_4)","decl":{"start":{"line":34,"column":31},"end":{"line":34,"column":32}},"loc":{"start":{"line":34,"column":70},"end":{"line":40,"column":1}},"line":34},"5":{"name":"(anonymous_5)","decl":{"start":{"line":42,"column":35},"end":{"line":42,"column":36}},"loc":{"start":{"line":42,"column":41},"end":{"line":46,"column":1}},"line":42}},"branchMap":{},"s":{"0":8,"1":8,"2":8,"3":8,"4":8,"5":8,"6":8,"7":1,"8":8,"9":1,"10":8,"11":1,"12":8,"13":1,"14":8,"15":1,"16":8,"17":1},"f":{"0":1,"1":1,"2":1,"3":1,"4":1,"5":1},"b":{},"_coverageSchema":"43e27e138ebf9cfc5966b082cf9a028302ed4184","hash":"caada1bcc1a3f7ad1e2d0495bea9df24b9343569"}
,"D:\\Job\\Internship\\hongoctuananh\\src\\redux\\reducer.js": {"path":"D:\\Job\\Internship\\hongoctuananh\\src\\redux\\reducer.js","statementMap":{"0":{"start":{"line":10,"column":18},"end":{"line":14,"column":1}},"1":{"start":{"line":16,"column":16},"end":{"line":64,"column":1}},"2":{"start":{"line":17,"column":2},"end":{"line":63,"column":3}},"3":{"start":{"line":19,"column":6},"end":{"line":19,"column":51}},"4":{"start":{"line":22,"column":6},"end":{"line":22,"column":53}},"5":{"start":{"line":25,"column":6},"end":{"line":28,"column":8}},"6":{"start":{"line":31,"column":6},"end":{"line":37,"column":8}},"7":{"start":{"line":35,"column":12},"end":{"line":35,"column":52}},"8":{"start":{"line":40,"column":6},"end":{"line":53,"column":8}},"9":{"start":{"line":44,"column":12},"end":{"line":46,"column":13}},"10":{"start":{"line":45,"column":14},"end":{"line":45,"column":31}},"11":{"start":{"line":47,"column":12},"end":{"line":50,"column":14}},"12":{"start":{"line":56,"column":6},"end":{"line":59,"column":8}},"13":{"start":{"line":62,"column":6},"end":{"line":62,"column":19}}},"fnMap":{"0":{"name":"(anonymous_0)","decl":{"start":{"line":16,"column":16},"end":{"line":16,"column":17}},"loc":{"start":{"line":16,"column":47},"end":{"line":64,"column":1}},"line":16},"1":{"name":"(anonymous_1)","decl":{"start":{"line":34,"column":10},"end":{"line":34,"column":11}},"loc":{"start":{"line":35,"column":12},"end":{"line":35,"column":52}},"line":35},"2":{"name":"(anonymous_2)","decl":{"start":{"line":43,"column":10},"end":{"line":43,"column":11}},"loc":{"start":{"line":43,"column":41},"end":{"line":51,"column":11}},"line":43}},"branchMap":{"0":{"loc":{"start":{"line":16,"column":17},"end":{"line":16,"column":34}},"type":"default-arg","locations":[{"start":{"line":16,"column":25},"end":{"line":16,"column":34}}],"line":16},"1":{"loc":{"start":{"line":17,"column":2},"end":{"line":63,"column":3}},"type":"switch","locations":[{"start":{"line":18,"column":4},"end":{"line":20,"column":5}},{"start":{"line":21,"column":4},"end":{"line":23,"column":5}},{"start":{"line":24,"column":4},"end":{"line":29,"column":5}},{"start":{"line":30,"column":4},"end":{"line":38,"column":5}},{"start":{"line":39,"column":4},"end":{"line":54,"column":5}},{"start":{"line":55,"column":4},"end":{"line":60,"column":5}},{"start":{"line":61,"column":4},"end":{"line":62,"column":19}}],"line":17},"2":{"loc":{"start":{"line":44,"column":12},"end":{"line":46,"column":13}},"type":"if","locations":[{"start":{"line":44,"column":12},"end":{"line":46,"column":13}},{"start":{"line":44,"column":12},"end":{"line":46,"column":13}}],"line":44}},"s":{"0":1,"1":1,"2":7,"3":1,"4":1,"5":1,"6":1,"7":1,"8":1,"9":1,"10":0,"11":1,"12":1,"13":1},"f":{"0":7,"1":1,"2":1},"b":{"0":[1],"1":[1,1,1,1,1,1,1],"2":[0,1]},"_coverageSchema":"43e27e138ebf9cfc5966b082cf9a028302ed4184","hash":"5f3f4fe08002742bd46d9366a2ea47affea352a3"}
,"D:\\Job\\Internship\\hongoctuananh\\src\\repository\\getAPI.js": {"path":"D:\\Job\\Internship\\hongoctuananh\\src\\repository\\getAPI.js","statementMap":{"0":{"start":{"line":4,"column":13},"end":{"line":8,"column":1}},"1":{"start":{"line":11,"column":2},"end":{"line":16,"column":3}},"2":{"start":{"line":12,"column":19},"end":{"line":12,"column":45}},"3":{"start":{"line":13,"column":4},"end":{"line":13,"column":20}},"4":{"start":{"line":15,"column":4},"end":{"line":15,"column":33}}},"fnMap":{"0":{"name":"getAPI","decl":{"start":{"line":10,"column":15},"end":{"line":10,"column":21}},"loc":{"start":{"line":10,"column":27},"end":{"line":17,"column":1}},"line":10}},"branchMap":{},"s":{"0":3,"1":0,"2":0,"3":0,"4":0},"f":{"0":0},"b":{},"_coverageSchema":"43e27e138ebf9cfc5966b082cf9a028302ed4184","hash":"95043a56bb34d7901a85c03a56cd28495a3f873f"}
,"D:\\Job\\Internship\\hongoctuananh\\src\\repository\\postUserAPI.js": {"path":"D:\\Job\\Internship\\hongoctuananh\\src\\repository\\postUserAPI.js","statementMap":{"0":{"start":{"line":4,"column":13},"end":{"line":8,"column":1}},"1":{"start":{"line":11,"column":2},"end":{"line":16,"column":3}},"2":{"start":{"line":12,"column":19},"end":{"line":12,"column":52}},"3":{"start":{"line":13,"column":4},"end":{"line":13,"column":20}},"4":{"start":{"line":15,"column":4},"end":{"line":15,"column":33}}},"fnMap":{"0":{"name":"postUserAPI","decl":{"start":{"line":10,"column":15},"end":{"line":10,"column":26}},"loc":{"start":{"line":10,"column":38},"end":{"line":17,"column":1}},"line":10}},"branchMap":{},"s":{"0":1,"1":1,"2":1,"3":0,"4":0},"f":{"0":1},"b":{},"_coverageSchema":"43e27e138ebf9cfc5966b082cf9a028302ed4184","hash":"cfc2ab76253e0fa1e018b6018cb77007cc11f527"}
,"D:\\Job\\Internship\\hongoctuananh\\src\\resources\\dimension.js": {"path":"D:\\Job\\Internship\\hongoctuananh\\src\\resources\\dimension.js","statementMap":{"0":{"start":{"line":3,"column":10},"end":{"line":3,"column":40}},"1":{"start":{"line":4,"column":10},"end":{"line":4,"column":41}},"2":{"start":{"line":6,"column":24},"end":{"line":614,"column":2}}},"fnMap":{},"branchMap":{},"s":{"0":10,"1":10,"2":10},"f":{},"b":{},"_coverageSchema":"43e27e138ebf9cfc5966b082cf9a028302ed4184","hash":"c42f08fc4c2300e47682831f136e58d8fab12da8"}
,"D:\\Job\\Internship\\hongoctuananh\\src\\resources\\string.js": {"path":"D:\\Job\\Internship\\hongoctuananh\\src\\resources\\string.js","statementMap":{"0":{"start":{"line":1,"column":15},"end":{"line":3,"column":1}}},"fnMap":{},"branchMap":{},"s":{"0":1},"f":{},"b":{},"_coverageSchema":"43e27e138ebf9cfc5966b082cf9a028302ed4184","hash":"7c630a13e8b0e05dc55831154f5ce68763fd7886"}
,"D:\\Job\\Internship\\hongoctuananh\\src\\resources\\textStyle.js": {"path":"D:\\Job\\Internship\\hongoctuananh\\src\\resources\\textStyle.js","statementMap":{"0":{"start":{"line":3,"column":10},"end":{"line":3,"column":40}},"1":{"start":{"line":4,"column":10},"end":{"line":4,"column":41}},"2":{"start":{"line":6,"column":18},"end":{"line":260,"column":2}}},"fnMap":{},"branchMap":{},"s":{"0":10,"1":10,"2":10},"f":{},"b":{},"_coverageSchema":"43e27e138ebf9cfc5966b082cf9a028302ed4184","hash":"eae6bdfa2294fecece8b03e82d3b8e0f3ee4fe14"}
,"D:\\Job\\Internship\\hongoctuananh\\src\\screens\\CartScreen.js": {"path":"D:\\Job\\Internship\\hongoctuananh\\src\\screens\\CartScreen.js","statementMap":{"0":{"start":{"line":21,"column":10},"end":{"line":26,"column":3}},"1":{"start":{"line":28,"column":17},"end":{"line":31,"column":3}},"2":{"start":{"line":29,"column":25},"end":{"line":29,"column":35}},"3":{"start":{"line":30,"column":4},"end":{"line":30,"column":24}},"4":{"start":{"line":33,"column":24},"end":{"line":40,"column":3}},"5":{"start":{"line":34,"column":29},"end":{"line":34,"column":39}},"6":{"start":{"line":35,"column":21},"end":{"line":35,"column":24}},"7":{"start":{"line":36,"column":4},"end":{"line":38,"column":7}},"8":{"start":{"line":37,"column":6},"end":{"line":37,"column":67}},"9":{"start":{"line":39,"column":4},"end":{"line":39,"column":22}},"10":{"start":{"line":42,"column":17},"end":{"line":81,"column":3}},"11":{"start":{"line":43,"column":36},"end":{"line":43,"column":40}},"12":{"start":{"line":44,"column":30},"end":{"line":44,"column":41}},"13":{"start":{"line":45,"column":55},"end":{"line":45,"column":59}},"14":{"start":{"line":46,"column":18},"end":{"line":46,"column":20}},"15":{"start":{"line":47,"column":4},"end":{"line":49,"column":7}},"16":{"start":{"line":48,"column":6},"end":{"line":48,"column":50}},"17":{"start":{"line":50,"column":4},"end":{"line":80,"column":6}},"18":{"start":{"line":53,"column":10},"end":{"line":53,"column":67}},"19":{"start":{"line":65,"column":27},"end":{"line":65,"column":54}},"20":{"start":{"line":83,"column":20},"end":{"line":86,"column":3}},"21":{"start":{"line":84,"column":30},"end":{"line":84,"column":40}},"22":{"start":{"line":85,"column":4},"end":{"line":85,"column":36}},"23":{"start":{"line":88,"column":27},"end":{"line":95,"column":3}},"24":{"start":{"line":89,"column":4},"end":{"line":94,"column":7}},"25":{"start":{"line":97,"column":26},"end":{"line":100,"column":3}},"26":{"start":{"line":98,"column":25},"end":{"line":98,"column":35}},"27":{"start":{"line":99,"column":4},"end":{"line":99,"column":41}},"28":{"start":{"line":102,"column":29},"end":{"line":108,"column":3}},"29":{"start":{"line":103,"column":23},"end":{"line":103,"column":49}},"30":{"start":{"line":104,"column":25},"end":{"line":104,"column":35}},"31":{"start":{"line":105,"column":4},"end":{"line":107,"column":7}},"32":{"start":{"line":111,"column":40},"end":{"line":111,"column":50}},"33":{"start":{"line":112,"column":23},"end":{"line":112,"column":49}},"34":{"start":{"line":113,"column":60},"end":{"line":113,"column":70}},"35":{"start":{"line":115,"column":4},"end":{"line":175,"column":6}},"36":{"start":{"line":119,"column":25},"end":{"line":119,"column":65}},"37":{"start":{"line":120,"column":30},"end":{"line":120,"column":70}},"38":{"start":{"line":163,"column":14},"end":{"line":169,"column":15}},"39":{"start":{"line":164,"column":16},"end":{"line":164,"column":45}},"40":{"start":{"line":165,"column":21},"end":{"line":169,"column":15}},"41":{"start":{"line":166,"column":16},"end":{"line":166,"column":51}},"42":{"start":{"line":168,"column":16},"end":{"line":168,"column":48}},"43":{"start":{"line":179,"column":0},"end":{"line":182,"column":2}},"44":{"start":{"line":184,"column":24},"end":{"line":187,"column":2}},"45":{"start":{"line":184,"column":34},"end":{"line":187,"column":1}},"46":{"start":{"line":189,"column":27},"end":{"line":191,"column":2}},"47":{"start":{"line":189,"column":40},"end":{"line":191,"column":1}},"48":{"start":{"line":190,"column":37},"end":{"line":190,"column":78}}},"fnMap":{"0":{"name":"(anonymous_0)","decl":{"start":{"line":28,"column":17},"end":{"line":28,"column":18}},"loc":{"start":{"line":28,"column":23},"end":{"line":31,"column":3}},"line":28},"1":{"name":"(anonymous_1)","decl":{"start":{"line":33,"column":24},"end":{"line":33,"column":25}},"loc":{"start":{"line":33,"column":30},"end":{"line":40,"column":3}},"line":33},"2":{"name":"(anonymous_2)","decl":{"start":{"line":36,"column":27},"end":{"line":36,"column":28}},"loc":{"start":{"line":36,"column":40},"end":{"line":38,"column":5}},"line":36},"3":{"name":"(anonymous_3)","decl":{"start":{"line":42,"column":17},"end":{"line":42,"column":18}},"loc":{"start":{"line":42,"column":36},"end":{"line":81,"column":3}},"line":42},"4":{"name":"(anonymous_4)","decl":{"start":{"line":47,"column":29},"end":{"line":47,"column":30}},"loc":{"start":{"line":47,"column":44},"end":{"line":49,"column":5}},"line":47},"5":{"name":"(anonymous_5)","decl":{"start":{"line":52,"column":17},"end":{"line":52,"column":18}},"loc":{"start":{"line":53,"column":10},"end":{"line":53,"column":67}},"line":53},"6":{"name":"(anonymous_6)","decl":{"start":{"line":65,"column":21},"end":{"line":65,"column":22}},"loc":{"start":{"line":65,"column":27},"end":{"line":65,"column":54}},"line":65},"7":{"name":"(anonymous_7)","decl":{"start":{"line":83,"column":20},"end":{"line":83,"column":21}},"loc":{"start":{"line":83,"column":38},"end":{"line":86,"column":3}},"line":83},"8":{"name":"(anonymous_8)","decl":{"start":{"line":88,"column":27},"end":{"line":88,"column":28}},"loc":{"start":{"line":88,"column":78},"end":{"line":95,"column":3}},"line":88},"9":{"name":"(anonymous_9)","decl":{"start":{"line":97,"column":26},"end":{"line":97,"column":27}},"loc":{"start":{"line":97,"column":32},"end":{"line":100,"column":3}},"line":97},"10":{"name":"(anonymous_10)","decl":{"start":{"line":102,"column":29},"end":{"line":102,"column":30}},"loc":{"start":{"line":102,"column":35},"end":{"line":108,"column":3}},"line":102},"11":{"name":"(anonymous_11)","decl":{"start":{"line":110,"column":2},"end":{"line":110,"column":3}},"loc":{"start":{"line":110,"column":11},"end":{"line":176,"column":3}},"line":110},"12":{"name":"(anonymous_12)","decl":{"start":{"line":119,"column":19},"end":{"line":119,"column":20}},"loc":{"start":{"line":119,"column":25},"end":{"line":119,"column":65}},"line":119},"13":{"name":"(anonymous_13)","decl":{"start":{"line":120,"column":24},"end":{"line":120,"column":25}},"loc":{"start":{"line":120,"column":30},"end":{"line":120,"column":70}},"line":120},"14":{"name":"(anonymous_14)","decl":{"start":{"line":162,"column":21},"end":{"line":162,"column":22}},"loc":{"start":{"line":162,"column":27},"end":{"line":170,"column":13}},"line":162},"15":{"name":"(anonymous_15)","decl":{"start":{"line":184,"column":24},"end":{"line":184,"column":25}},"loc":{"start":{"line":184,"column":34},"end":{"line":187,"column":1}},"line":184},"16":{"name":"(anonymous_16)","decl":{"start":{"line":189,"column":27},"end":{"line":189,"column":28}},"loc":{"start":{"line":189,"column":40},"end":{"line":191,"column":1}},"line":189},"17":{"name":"(anonymous_17)","decl":{"start":{"line":190,"column":19},"end":{"line":190,"column":20}},"loc":{"start":{"line":190,"column":37},"end":{"line":190,"column":78}},"line":190}},"branchMap":{"0":{"loc":{"start":{"line":163,"column":14},"end":{"line":169,"column":15}},"type":"if","locations":[{"start":{"line":163,"column":14},"end":{"line":169,"column":15}},{"start":{"line":163,"column":14},"end":{"line":169,"column":15}}],"line":163},"1":{"loc":{"start":{"line":165,"column":21},"end":{"line":169,"column":15}},"type":"if","locations":[{"start":{"line":165,"column":21},"end":{"line":169,"column":15}},{"start":{"line":165,"column":21},"end":{"line":169,"column":15}}],"line":165}},"s":{"0":2,"1":2,"2":0,"3":0,"4":2,"5":3,"6":3,"7":3,"8":18,"9":3,"10":2,"11":12,"12":12,"13":12,"14":12,"15":12,"16":12,"17":12,"18":0,"19":0,"20":2,"21":0,"22":0,"23":2,"24":0,"25":2,"26":0,"27":0,"28":2,"29":0,"30":0,"31":0,"32":2,"33":2,"34":2,"35":2,"36":0,"37":0,"38":0,"39":0,"40":0,"41":0,"42":0,"43":1,"44":1,"45":2,"46":1,"47":2,"48":0},"f":{"0":0,"1":3,"2":18,"3":12,"4":12,"5":0,"6":0,"7":0,"8":0,"9":0,"10":0,"11":2,"12":0,"13":0,"14":0,"15":2,"16":2,"17":0},"b":{"0":[0,0],"1":[0,0]},"_coverageSchema":"43e27e138ebf9cfc5966b082cf9a028302ed4184","hash":"25b4a9898cf185f288586aaad67eb29786511a62"}
,"D:\\Job\\Internship\\hongoctuananh\\src\\screens\\CategoryScreen.js": {"path":"D:\\Job\\Internship\\hongoctuananh\\src\\screens\\CategoryScreen.js","statementMap":{"0":{"start":{"line":18,"column":10},"end":{"line":20,"column":3}},"1":{"start":{"line":22,"column":32},"end":{"line":28,"column":3}},"2":{"start":{"line":23,"column":25},"end":{"line":23,"column":35}},"3":{"start":{"line":24,"column":4},"end":{"line":27,"column":7}},"4":{"start":{"line":30,"column":17},"end":{"line":45,"column":3}},"5":{"start":{"line":31,"column":35},"end":{"line":31,"column":39}},"6":{"start":{"line":32,"column":4},"end":{"line":44,"column":6}},"7":{"start":{"line":34,"column":23},"end":{"line":34,"column":67}},"8":{"start":{"line":48,"column":39},"end":{"line":48,"column":49}},"9":{"start":{"line":50,"column":4},"end":{"line":91,"column":6}},"10":{"start":{"line":54,"column":25},"end":{"line":54,"column":60}},"11":{"start":{"line":55,"column":30},"end":{"line":55,"column":65}},"12":{"start":{"line":57,"column":12},"end":{"line":57,"column":48}},"13":{"start":{"line":58,"column":12},"end":{"line":58,"column":47}},"14":{"start":{"line":61,"column":12},"end":{"line":61,"column":48}},"15":{"start":{"line":62,"column":12},"end":{"line":65,"column":15}},"16":{"start":{"line":68,"column":12},"end":{"line":68,"column":48}},"17":{"start":{"line":69,"column":12},"end":{"line":69,"column":47}},"18":{"start":{"line":72,"column":12},"end":{"line":72,"column":48}},"19":{"start":{"line":73,"column":12},"end":{"line":73,"column":49}},"20":{"start":{"line":76,"column":12},"end":{"line":76,"column":48}},"21":{"start":{"line":77,"column":12},"end":{"line":77,"column":55}},"22":{"start":{"line":85,"column":32},"end":{"line":85,"column":40}},"23":{"start":{"line":88,"column":33},"end":{"line":88,"column":67}},"24":{"start":{"line":89,"column":33},"end":{"line":89,"column":67}},"25":{"start":{"line":95,"column":0},"end":{"line":97,"column":2}},"26":{"start":{"line":99,"column":24},"end":{"line":101,"column":2}},"27":{"start":{"line":99,"column":34},"end":{"line":101,"column":1}}},"fnMap":{"0":{"name":"(anonymous_0)","decl":{"start":{"line":22,"column":32},"end":{"line":22,"column":33}},"loc":{"start":{"line":22,"column":48},"end":{"line":28,"column":3}},"line":22},"1":{"name":"(anonymous_1)","decl":{"start":{"line":30,"column":17},"end":{"line":30,"column":18}},"loc":{"start":{"line":30,"column":29},"end":{"line":45,"column":3}},"line":30},"2":{"name":"(anonymous_2)","decl":{"start":{"line":34,"column":17},"end":{"line":34,"column":18}},"loc":{"start":{"line":34,"column":23},"end":{"line":34,"column":67}},"line":34},"3":{"name":"(anonymous_3)","decl":{"start":{"line":47,"column":2},"end":{"line":47,"column":3}},"loc":{"start":{"line":47,"column":11},"end":{"line":92,"column":3}},"line":47},"4":{"name":"(anonymous_4)","decl":{"start":{"line":54,"column":19},"end":{"line":54,"column":20}},"loc":{"start":{"line":54,"column":25},"end":{"line":54,"column":60}},"line":54},"5":{"name":"(anonymous_5)","decl":{"start":{"line":55,"column":24},"end":{"line":55,"column":25}},"loc":{"start":{"line":55,"column":30},"end":{"line":55,"column":65}},"line":55},"6":{"name":"(anonymous_6)","decl":{"start":{"line":56,"column":23},"end":{"line":56,"column":24}},"loc":{"start":{"line":56,"column":29},"end":{"line":59,"column":11}},"line":56},"7":{"name":"(anonymous_7)","decl":{"start":{"line":60,"column":23},"end":{"line":60,"column":24}},"loc":{"start":{"line":60,"column":39},"end":{"line":66,"column":11}},"line":60},"8":{"name":"(anonymous_8)","decl":{"start":{"line":67,"column":23},"end":{"line":67,"column":24}},"loc":{"start":{"line":67,"column":29},"end":{"line":70,"column":11}},"line":67},"9":{"name":"(anonymous_9)","decl":{"start":{"line":71,"column":24},"end":{"line":71,"column":25}},"loc":{"start":{"line":71,"column":30},"end":{"line":74,"column":11}},"line":71},"10":{"name":"(anonymous_10)","decl":{"start":{"line":75,"column":23},"end":{"line":75,"column":24}},"loc":{"start":{"line":75,"column":29},"end":{"line":78,"column":11}},"line":75},"11":{"name":"(anonymous_11)","decl":{"start":{"line":85,"column":24},"end":{"line":85,"column":25}},"loc":{"start":{"line":85,"column":32},"end":{"line":85,"column":40}},"line":85},"12":{"name":"(anonymous_12)","decl":{"start":{"line":88,"column":27},"end":{"line":88,"column":28}},"loc":{"start":{"line":88,"column":33},"end":{"line":88,"column":67}},"line":88},"13":{"name":"(anonymous_13)","decl":{"start":{"line":89,"column":27},"end":{"line":89,"column":28}},"loc":{"start":{"line":89,"column":33},"end":{"line":89,"column":67}},"line":89},"14":{"name":"(anonymous_14)","decl":{"start":{"line":99,"column":24},"end":{"line":99,"column":25}},"loc":{"start":{"line":99,"column":34},"end":{"line":101,"column":1}},"line":99}},"branchMap":{},"s":{"0":10,"1":10,"2":2,"3":2,"4":10,"5":30,"6":30,"7":2,"8":15,"9":15,"10":0,"11":0,"12":1,"13":1,"14":0,"15":0,"16":1,"17":1,"18":1,"19":1,"20":1,"21":1,"22":30,"23":1,"24":1,"25":1,"26":1,"27":10},"f":{"0":2,"1":30,"2":2,"3":15,"4":0,"5":0,"6":1,"7":0,"8":1,"9":1,"10":1,"11":30,"12":1,"13":1,"14":10},"b":{},"_coverageSchema":"43e27e138ebf9cfc5966b082cf9a028302ed4184","hash":"78cdf08544960af20872746fe752948663442632"}
,"D:\\Job\\Internship\\hongoctuananh\\src\\screens\\CheckOutScreen.js": {"path":"D:\\Job\\Internship\\hongoctuananh\\src\\screens\\CheckOutScreen.js","statementMap":{"0":{"start":{"line":27,"column":30},"end":{"line":27,"column":65}},"1":{"start":{"line":29,"column":13},"end":{"line":29,"column":38}},"2":{"start":{"line":32,"column":10},"end":{"line":38,"column":3}},"3":{"start":{"line":41,"column":24},"end":{"line":41,"column":34}},"4":{"start":{"line":42,"column":19},"end":{"line":42,"column":28}},"5":{"start":{"line":43,"column":35},"end":{"line":43,"column":39}},"6":{"start":{"line":44,"column":4},"end":{"line":44,"column":64}},"7":{"start":{"line":47,"column":17},"end":{"line":50,"column":3}},"8":{"start":{"line":48,"column":25},"end":{"line":48,"column":35}},"9":{"start":{"line":49,"column":4},"end":{"line":49,"column":24}},"10":{"start":{"line":52,"column":22},"end":{"line":85,"column":3}},"11":{"start":{"line":53,"column":30},"end":{"line":53,"column":34}},"12":{"start":{"line":54,"column":28},"end":{"line":54,"column":38}},"13":{"start":{"line":55,"column":4},"end":{"line":84,"column":5}},"14":{"start":{"line":56,"column":6},"end":{"line":70,"column":8}},"15":{"start":{"line":58,"column":25},"end":{"line":58,"column":62}},"16":{"start":{"line":72,"column":6},"end":{"line":83,"column":8}},"17":{"start":{"line":74,"column":25},"end":{"line":74,"column":62}},"18":{"start":{"line":87,"column":20},"end":{"line":113,"column":3}},"19":{"start":{"line":88,"column":56},"end":{"line":88,"column":66}},"20":{"start":{"line":89,"column":24},"end":{"line":89,"column":60}},"21":{"start":{"line":90,"column":23},"end":{"line":90,"column":46}},"22":{"start":{"line":92,"column":4},"end":{"line":112,"column":5}},"23":{"start":{"line":93,"column":6},"end":{"line":93,"column":43}},"24":{"start":{"line":94,"column":11},"end":{"line":112,"column":5}},"25":{"start":{"line":95,"column":6},"end":{"line":95,"column":32}},"26":{"start":{"line":96,"column":11},"end":{"line":112,"column":5}},"27":{"start":{"line":97,"column":6},"end":{"line":97,"column":33}},"28":{"start":{"line":98,"column":11},"end":{"line":112,"column":5}},"29":{"start":{"line":99,"column":6},"end":{"line":99,"column":49}},"30":{"start":{"line":100,"column":11},"end":{"line":112,"column":5}},"31":{"start":{"line":101,"column":6},"end":{"line":101,"column":35}},"32":{"start":{"line":103,"column":22},"end":{"line":109,"column":7}},"33":{"start":{"line":111,"column":6},"end":{"line":111,"column":46}},"34":{"start":{"line":115,"column":28},"end":{"line":122,"column":3}},"35":{"start":{"line":116,"column":25},"end":{"line":116,"column":48}},"36":{"start":{"line":117,"column":25},"end":{"line":117,"column":35}},"37":{"start":{"line":118,"column":4},"end":{"line":121,"column":7}},"38":{"start":{"line":125,"column":25},"end":{"line":125,"column":48}},"39":{"start":{"line":126,"column":56},"end":{"line":126,"column":66}},"40":{"start":{"line":128,"column":4},"end":{"line":214,"column":6}},"41":{"start":{"line":157,"column":36},"end":{"line":157,"column":63}},"42":{"start":{"line":167,"column":36},"end":{"line":167,"column":64}},"43":{"start":{"line":175,"column":36},"end":{"line":175,"column":66}},"44":{"start":{"line":185,"column":36},"end":{"line":185,"column":63}},"45":{"start":{"line":196,"column":36},"end":{"line":196,"column":46}},"46":{"start":{"line":203,"column":14},"end":{"line":203,"column":37}},"47":{"start":{"line":218,"column":0},"end":{"line":220,"column":2}},"48":{"start":{"line":222,"column":24},"end":{"line":224,"column":2}},"49":{"start":{"line":222,"column":34},"end":{"line":224,"column":1}},"50":{"start":{"line":226,"column":27},"end":{"line":226,"column":43}},"51":{"start":{"line":226,"column":40},"end":{"line":226,"column":42}}},"fnMap":{"0":{"name":"(anonymous_0)","decl":{"start":{"line":40,"column":2},"end":{"line":40,"column":3}},"loc":{"start":{"line":40,"column":22},"end":{"line":45,"column":3}},"line":40},"1":{"name":"(anonymous_1)","decl":{"start":{"line":47,"column":17},"end":{"line":47,"column":18}},"loc":{"start":{"line":47,"column":23},"end":{"line":50,"column":3}},"line":47},"2":{"name":"(anonymous_2)","decl":{"start":{"line":52,"column":22},"end":{"line":52,"column":23}},"loc":{"start":{"line":52,"column":34},"end":{"line":85,"column":3}},"line":52},"3":{"name":"(anonymous_3)","decl":{"start":{"line":58,"column":19},"end":{"line":58,"column":20}},"loc":{"start":{"line":58,"column":25},"end":{"line":58,"column":62}},"line":58},"4":{"name":"(anonymous_4)","decl":{"start":{"line":74,"column":19},"end":{"line":74,"column":20}},"loc":{"start":{"line":74,"column":25},"end":{"line":74,"column":62}},"line":74},"5":{"name":"(anonymous_5)","decl":{"start":{"line":87,"column":20},"end":{"line":87,"column":21}},"loc":{"start":{"line":87,"column":26},"end":{"line":113,"column":3}},"line":87},"6":{"name":"(anonymous_6)","decl":{"start":{"line":115,"column":28},"end":{"line":115,"column":29}},"loc":{"start":{"line":115,"column":41},"end":{"line":122,"column":3}},"line":115},"7":{"name":"(anonymous_7)","decl":{"start":{"line":124,"column":2},"end":{"line":124,"column":3}},"loc":{"start":{"line":124,"column":11},"end":{"line":215,"column":3}},"line":124},"8":{"name":"(anonymous_8)","decl":{"start":{"line":157,"column":28},"end":{"line":157,"column":29}},"loc":{"start":{"line":157,"column":36},"end":{"line":157,"column":63}},"line":157},"9":{"name":"(anonymous_9)","decl":{"start":{"line":167,"column":28},"end":{"line":167,"column":29}},"loc":{"start":{"line":167,"column":36},"end":{"line":167,"column":64}},"line":167},"10":{"name":"(anonymous_10)","decl":{"start":{"line":175,"column":28},"end":{"line":175,"column":29}},"loc":{"start":{"line":175,"column":36},"end":{"line":175,"column":66}},"line":175},"11":{"name":"(anonymous_11)","decl":{"start":{"line":185,"column":28},"end":{"line":185,"column":29}},"loc":{"start":{"line":185,"column":36},"end":{"line":185,"column":63}},"line":185},"12":{"name":"(anonymous_12)","decl":{"start":{"line":196,"column":28},"end":{"line":196,"column":29}},"loc":{"start":{"line":196,"column":36},"end":{"line":196,"column":46}},"line":196},"13":{"name":"(anonymous_13)","decl":{"start":{"line":202,"column":21},"end":{"line":202,"column":22}},"loc":{"start":{"line":202,"column":27},"end":{"line":204,"column":13}},"line":202},"14":{"name":"(anonymous_14)","decl":{"start":{"line":222,"column":24},"end":{"line":222,"column":25}},"loc":{"start":{"line":222,"column":34},"end":{"line":224,"column":1}},"line":222},"15":{"name":"(anonymous_15)","decl":{"start":{"line":226,"column":27},"end":{"line":226,"column":28}},"loc":{"start":{"line":226,"column":40},"end":{"line":226,"column":42}},"line":226}},"branchMap":{"0":{"loc":{"start":{"line":55,"column":4},"end":{"line":84,"column":5}},"type":"if","locations":[{"start":{"line":55,"column":4},"end":{"line":84,"column":5}},{"start":{"line":55,"column":4},"end":{"line":84,"column":5}}],"line":55},"1":{"loc":{"start":{"line":92,"column":4},"end":{"line":112,"column":5}},"type":"if","locations":[{"start":{"line":92,"column":4},"end":{"line":112,"column":5}},{"start":{"line":92,"column":4},"end":{"line":112,"column":5}}],"line":92},"2":{"loc":{"start":{"line":94,"column":11},"end":{"line":112,"column":5}},"type":"if","locations":[{"start":{"line":94,"column":11},"end":{"line":112,"column":5}},{"start":{"line":94,"column":11},"end":{"line":112,"column":5}}],"line":94},"3":{"loc":{"start":{"line":96,"column":11},"end":{"line":112,"column":5}},"type":"if","locations":[{"start":{"line":96,"column":11},"end":{"line":112,"column":5}},{"start":{"line":96,"column":11},"end":{"line":112,"column":5}}],"line":96},"4":{"loc":{"start":{"line":98,"column":11},"end":{"line":112,"column":5}},"type":"if","locations":[{"start":{"line":98,"column":11},"end":{"line":112,"column":5}},{"start":{"line":98,"column":11},"end":{"line":112,"column":5}}],"line":98},"5":{"loc":{"start":{"line":100,"column":11},"end":{"line":112,"column":5}},"type":"if","locations":[{"start":{"line":100,"column":11},"end":{"line":112,"column":5}},{"start":{"line":100,"column":11},"end":{"line":112,"column":5}}],"line":100}},"s":{"0":1,"1":1,"2":7,"3":7,"4":7,"5":7,"6":7,"7":7,"8":0,"9":0,"10":7,"11":21,"12":21,"13":21,"14":6,"15":0,"16":15,"17":0,"18":7,"19":6,"20":6,"21":6,"22":6,"23":1,"24":5,"25":1,"26":4,"27":1,"28":3,"29":1,"30":2,"31":1,"32":1,"33":1,"34":7,"35":1,"36":1,"37":1,"38":21,"39":21,"40":21,"41":0,"42":0,"43":0,"44":0,"45":21,"46":6,"47":1,"48":1,"49":7,"50":1,"51":7},"f":{"0":7,"1":0,"2":21,"3":0,"4":0,"5":6,"6":1,"7":21,"8":0,"9":0,"10":0,"11":0,"12":21,"13":6,"14":7,"15":7},"b":{"0":[6,15],"1":[1,5],"2":[1,4],"3":[1,3],"4":[1,2],"5":[1,1]},"_coverageSchema":"43e27e138ebf9cfc5966b082cf9a028302ed4184","hash":"4ef33dda70a10d8d4dd0c19658f9a730ec90f775"}
,"D:\\Job\\Internship\\hongoctuananh\\src\\screens\\HomeScreen.js": {"path":"D:\\Job\\Internship\\hongoctuananh\\src\\screens\\HomeScreen.js","statementMap":{"0":{"start":{"line":18,"column":29},"end":{"line":21,"column":3}},"1":{"start":{"line":19,"column":25},"end":{"line":19,"column":35}},"2":{"start":{"line":20,"column":4},"end":{"line":20,"column":43}},"3":{"start":{"line":23,"column":4},"end":{"line":49,"column":6}},"4":{"start":{"line":41,"column":27},"end":{"line":41,"column":58}}},"fnMap":{"0":{"name":"(anonymous_0)","decl":{"start":{"line":18,"column":29},"end":{"line":18,"column":30}},"loc":{"start":{"line":18,"column":35},"end":{"line":21,"column":3}},"line":18},"1":{"name":"(anonymous_1)","decl":{"start":{"line":22,"column":2},"end":{"line":22,"column":3}},"loc":{"start":{"line":22,"column":11},"end":{"line":50,"column":3}},"line":22},"2":{"name":"(anonymous_2)","decl":{"start":{"line":41,"column":21},"end":{"line":41,"column":22}},"loc":{"start":{"line":41,"column":27},"end":{"line":41,"column":58}},"line":41}},"branchMap":{},"s":{"0":2,"1":1,"2":1,"3":2,"4":1},"f":{"0":1,"1":2,"2":1},"b":{},"_coverageSchema":"43e27e138ebf9cfc5966b082cf9a028302ed4184","hash":"1ff715e3d48f0a401b53a8ad11b13796184ad638"}
,"D:\\Job\\Internship\\hongoctuananh\\src\\screens\\ProductDetailScreen.js": {"path":"D:\\Job\\Internship\\hongoctuananh\\src\\screens\\ProductDetailScreen.js","statementMap":{"0":{"start":{"line":12,"column":10},"end":{"line":15,"column":3}},"1":{"start":{"line":17,"column":17},"end":{"line":20,"column":3}},"2":{"start":{"line":18,"column":25},"end":{"line":18,"column":35}},"3":{"start":{"line":19,"column":4},"end":{"line":19,"column":24}},"4":{"start":{"line":23,"column":25},"end":{"line":23,"column":35}},"5":{"start":{"line":24,"column":19},"end":{"line":24,"column":42}},"6":{"start":{"line":25,"column":56},"end":{"line":25,"column":60}},"7":{"start":{"line":26,"column":4},"end":{"line":95,"column":6}},"8":{"start":{"line":30,"column":25},"end":{"line":30,"column":60}},"9":{"start":{"line":31,"column":30},"end":{"line":31,"column":65}},"10":{"start":{"line":33,"column":12},"end":{"line":33,"column":48}},"11":{"start":{"line":34,"column":12},"end":{"line":34,"column":47}},"12":{"start":{"line":37,"column":12},"end":{"line":37,"column":48}},"13":{"start":{"line":38,"column":12},"end":{"line":41,"column":15}},"14":{"start":{"line":44,"column":12},"end":{"line":44,"column":48}},"15":{"start":{"line":45,"column":12},"end":{"line":45,"column":47}},"16":{"start":{"line":48,"column":12},"end":{"line":48,"column":48}},"17":{"start":{"line":49,"column":12},"end":{"line":49,"column":49}},"18":{"start":{"line":52,"column":12},"end":{"line":52,"column":48}},"19":{"start":{"line":53,"column":12},"end":{"line":53,"column":55}},"20":{"start":{"line":58,"column":25},"end":{"line":58,"column":65}},"21":{"start":{"line":59,"column":30},"end":{"line":59,"column":70}},"22":{"start":{"line":83,"column":27},"end":{"line":83,"column":66}},"23":{"start":{"line":92,"column":33},"end":{"line":92,"column":67}},"24":{"start":{"line":93,"column":33},"end":{"line":93,"column":67}}},"fnMap":{"0":{"name":"(anonymous_0)","decl":{"start":{"line":17,"column":17},"end":{"line":17,"column":18}},"loc":{"start":{"line":17,"column":23},"end":{"line":20,"column":3}},"line":17},"1":{"name":"(anonymous_1)","decl":{"start":{"line":22,"column":2},"end":{"line":22,"column":3}},"loc":{"start":{"line":22,"column":11},"end":{"line":96,"column":3}},"line":22},"2":{"name":"(anonymous_2)","decl":{"start":{"line":30,"column":19},"end":{"line":30,"column":20}},"loc":{"start":{"line":30,"column":25},"end":{"line":30,"column":60}},"line":30},"3":{"name":"(anonymous_3)","decl":{"start":{"line":31,"column":24},"end":{"line":31,"column":25}},"loc":{"start":{"line":31,"column":30},"end":{"line":31,"column":65}},"line":31},"4":{"name":"(anonymous_4)","decl":{"start":{"line":32,"column":23},"end":{"line":32,"column":24}},"loc":{"start":{"line":32,"column":29},"end":{"line":35,"column":11}},"line":32},"5":{"name":"(anonymous_5)","decl":{"start":{"line":36,"column":23},"end":{"line":36,"column":24}},"loc":{"start":{"line":36,"column":39},"end":{"line":42,"column":11}},"line":36},"6":{"name":"(anonymous_6)","decl":{"start":{"line":43,"column":23},"end":{"line":43,"column":24}},"loc":{"start":{"line":43,"column":29},"end":{"line":46,"column":11}},"line":43},"7":{"name":"(anonymous_7)","decl":{"start":{"line":47,"column":24},"end":{"line":47,"column":25}},"loc":{"start":{"line":47,"column":30},"end":{"line":50,"column":11}},"line":47},"8":{"name":"(anonymous_8)","decl":{"start":{"line":51,"column":23},"end":{"line":51,"column":24}},"loc":{"start":{"line":51,"column":29},"end":{"line":54,"column":11}},"line":51},"9":{"name":"(anonymous_9)","decl":{"start":{"line":58,"column":19},"end":{"line":58,"column":20}},"loc":{"start":{"line":58,"column":25},"end":{"line":58,"column":65}},"line":58},"10":{"name":"(anonymous_10)","decl":{"start":{"line":59,"column":24},"end":{"line":59,"column":25}},"loc":{"start":{"line":59,"column":30},"end":{"line":59,"column":70}},"line":59},"11":{"name":"(anonymous_11)","decl":{"start":{"line":83,"column":21},"end":{"line":83,"column":22}},"loc":{"start":{"line":83,"column":27},"end":{"line":83,"column":66}},"line":83},"12":{"name":"(anonymous_12)","decl":{"start":{"line":92,"column":27},"end":{"line":92,"column":28}},"loc":{"start":{"line":92,"column":33},"end":{"line":92,"column":67}},"line":92},"13":{"name":"(anonymous_13)","decl":{"start":{"line":93,"column":27},"end":{"line":93,"column":28}},"loc":{"start":{"line":93,"column":33},"end":{"line":93,"column":67}},"line":93}},"branchMap":{},"s":{"0":3,"1":3,"2":1,"3":1,"4":4,"5":4,"6":4,"7":4,"8":0,"9":0,"10":0,"11":0,"12":0,"13":0,"14":0,"15":0,"16":0,"17":0,"18":0,"19":0,"20":0,"21":0,"22":1,"23":0,"24":0},"f":{"0":1,"1":4,"2":0,"3":0,"4":0,"5":0,"6":0,"7":0,"8":0,"9":0,"10":0,"11":1,"12":0,"13":0},"b":{},"_coverageSchema":"43e27e138ebf9cfc5966b082cf9a028302ed4184","hash":"dd3c2be656aa409fafb8da7a9e52be21797e7964"}
,"D:\\Job\\Internship\\hongoctuananh\\src\\screens\\SignUpScreen.js": {"path":"D:\\Job\\Internship\\hongoctuananh\\src\\screens\\SignUpScreen.js","statementMap":{"0":{"start":{"line":20,"column":10},"end":{"line":27,"column":3}},"1":{"start":{"line":29,"column":17},"end":{"line":32,"column":3}},"2":{"start":{"line":30,"column":25},"end":{"line":30,"column":35}},"3":{"start":{"line":31,"column":4},"end":{"line":31,"column":24}},"4":{"start":{"line":34,"column":21},"end":{"line":66,"column":3}},"5":{"start":{"line":35,"column":62},"end":{"line":35,"column":72}},"6":{"start":{"line":36,"column":24},"end":{"line":36,"column":60}},"7":{"start":{"line":37,"column":27},"end":{"line":37,"column":60}},"8":{"start":{"line":38,"column":23},"end":{"line":38,"column":46}},"9":{"start":{"line":39,"column":26},"end":{"line":39,"column":55}},"10":{"start":{"line":40,"column":4},"end":{"line":65,"column":5}},"11":{"start":{"line":41,"column":6},"end":{"line":41,"column":33}},"12":{"start":{"line":42,"column":11},"end":{"line":65,"column":5}},"13":{"start":{"line":43,"column":6},"end":{"line":43,"column":49}},"14":{"start":{"line":44,"column":11},"end":{"line":65,"column":5}},"15":{"start":{"line":45,"column":6},"end":{"line":45,"column":36}},"16":{"start":{"line":46,"column":11},"end":{"line":65,"column":5}},"17":{"start":{"line":47,"column":6},"end":{"line":47,"column":56}},"18":{"start":{"line":48,"column":11},"end":{"line":65,"column":5}},"19":{"start":{"line":49,"column":6},"end":{"line":49,"column":58}},"20":{"start":{"line":50,"column":11},"end":{"line":65,"column":5}},"21":{"start":{"line":51,"column":6},"end":{"line":51,"column":62}},"22":{"start":{"line":52,"column":11},"end":{"line":65,"column":5}},"23":{"start":{"line":53,"column":6},"end":{"line":53,"column":32}},"24":{"start":{"line":54,"column":11},"end":{"line":65,"column":5}},"25":{"start":{"line":55,"column":6},"end":{"line":55,"column":34}},"26":{"start":{"line":57,"column":23},"end":{"line":62,"column":7}},"27":{"start":{"line":63,"column":6},"end":{"line":63,"column":39}},"28":{"start":{"line":64,"column":6},"end":{"line":64,"column":30}},"29":{"start":{"line":68,"column":11},"end":{"line":78,"column":3}},"30":{"start":{"line":69,"column":4},"end":{"line":77,"column":5}},"31":{"start":{"line":70,"column":21},"end":{"line":70,"column":59}},"32":{"start":{"line":72,"column":6},"end":{"line":72,"column":41}},"33":{"start":{"line":74,"column":6},"end":{"line":74,"column":26}},"34":{"start":{"line":75,"column":6},"end":{"line":75,"column":32}},"35":{"start":{"line":76,"column":6},"end":{"line":76,"column":40}},"36":{"start":{"line":80,"column":19},"end":{"line":87,"column":3}},"37":{"start":{"line":81,"column":39},"end":{"line":81,"column":49}},"38":{"start":{"line":82,"column":4},"end":{"line":82,"column":71}},"39":{"start":{"line":83,"column":4},"end":{"line":83,"column":28}},"40":{"start":{"line":84,"column":4},"end":{"line":84,"column":35}},"41":{"start":{"line":85,"column":4},"end":{"line":85,"column":22}},"42":{"start":{"line":86,"column":4},"end":{"line":86,"column":38}},"43":{"start":{"line":90,"column":25},"end":{"line":90,"column":35}},"44":{"start":{"line":91,"column":62},"end":{"line":91,"column":72}},"45":{"start":{"line":93,"column":4},"end":{"line":166,"column":6}},"46":{"start":{"line":116,"column":34},"end":{"line":116,"column":62}},"47":{"start":{"line":123,"column":34},"end":{"line":123,"column":65}},"48":{"start":{"line":130,"column":34},"end":{"line":130,"column":72}},"49":{"start":{"line":137,"column":34},"end":{"line":137,"column":61}},"50":{"start":{"line":144,"column":34},"end":{"line":144,"column":64}},"51":{"start":{"line":159,"column":16},"end":{"line":159,"column":40}},"52":{"start":{"line":170,"column":27},"end":{"line":172,"column":2}},"53":{"start":{"line":170,"column":40},"end":{"line":172,"column":1}},"54":{"start":{"line":171,"column":29},"end":{"line":171,"column":62}}},"fnMap":{"0":{"name":"(anonymous_0)","decl":{"start":{"line":29,"column":17},"end":{"line":29,"column":18}},"loc":{"start":{"line":29,"column":23},"end":{"line":32,"column":3}},"line":29},"1":{"name":"(anonymous_1)","decl":{"start":{"line":34,"column":21},"end":{"line":34,"column":22}},"loc":{"start":{"line":34,"column":27},"end":{"line":66,"column":3}},"line":34},"2":{"name":"(anonymous_2)","decl":{"start":{"line":68,"column":11},"end":{"line":68,"column":12}},"loc":{"start":{"line":68,"column":31},"end":{"line":78,"column":3}},"line":68},"3":{"name":"(anonymous_3)","decl":{"start":{"line":80,"column":19},"end":{"line":80,"column":20}},"loc":{"start":{"line":80,"column":38},"end":{"line":87,"column":3}},"line":80},"4":{"name":"(anonymous_4)","decl":{"start":{"line":89,"column":2},"end":{"line":89,"column":3}},"loc":{"start":{"line":89,"column":11},"end":{"line":167,"column":3}},"line":89},"5":{"name":"(anonymous_5)","decl":{"start":{"line":116,"column":26},"end":{"line":116,"column":27}},"loc":{"start":{"line":116,"column":34},"end":{"line":116,"column":62}},"line":116},"6":{"name":"(anonymous_6)","decl":{"start":{"line":123,"column":26},"end":{"line":123,"column":27}},"loc":{"start":{"line":123,"column":34},"end":{"line":123,"column":65}},"line":123},"7":{"name":"(anonymous_7)","decl":{"start":{"line":130,"column":26},"end":{"line":130,"column":27}},"loc":{"start":{"line":130,"column":34},"end":{"line":130,"column":72}},"line":130},"8":{"name":"(anonymous_8)","decl":{"start":{"line":137,"column":26},"end":{"line":137,"column":27}},"loc":{"start":{"line":137,"column":34},"end":{"line":137,"column":61}},"line":137},"9":{"name":"(anonymous_9)","decl":{"start":{"line":144,"column":26},"end":{"line":144,"column":27}},"loc":{"start":{"line":144,"column":34},"end":{"line":144,"column":64}},"line":144},"10":{"name":"(anonymous_10)","decl":{"start":{"line":158,"column":23},"end":{"line":158,"column":24}},"loc":{"start":{"line":158,"column":29},"end":{"line":160,"column":15}},"line":158},"11":{"name":"(anonymous_11)","decl":{"start":{"line":170,"column":27},"end":{"line":170,"column":28}},"loc":{"start":{"line":170,"column":40},"end":{"line":172,"column":1}},"line":170},"12":{"name":"(anonymous_12)","decl":{"start":{"line":171,"column":16},"end":{"line":171,"column":17}},"loc":{"start":{"line":171,"column":29},"end":{"line":171,"column":62}},"line":171}},"branchMap":{"0":{"loc":{"start":{"line":40,"column":4},"end":{"line":65,"column":5}},"type":"if","locations":[{"start":{"line":40,"column":4},"end":{"line":65,"column":5}},{"start":{"line":40,"column":4},"end":{"line":65,"column":5}}],"line":40},"1":{"loc":{"start":{"line":42,"column":11},"end":{"line":65,"column":5}},"type":"if","locations":[{"start":{"line":42,"column":11},"end":{"line":65,"column":5}},{"start":{"line":42,"column":11},"end":{"line":65,"column":5}}],"line":42},"2":{"loc":{"start":{"line":44,"column":11},"end":{"line":65,"column":5}},"type":"if","locations":[{"start":{"line":44,"column":11},"end":{"line":65,"column":5}},{"start":{"line":44,"column":11},"end":{"line":65,"column":5}}],"line":44},"3":{"loc":{"start":{"line":46,"column":11},"end":{"line":65,"column":5}},"type":"if","locations":[{"start":{"line":46,"column":11},"end":{"line":65,"column":5}},{"start":{"line":46,"column":11},"end":{"line":65,"column":5}}],"line":46},"4":{"loc":{"start":{"line":46,"column":15},"end":{"line":46,"column":58}},"type":"binary-expr","locations":[{"start":{"line":46,"column":15},"end":{"line":46,"column":34}},{"start":{"line":46,"column":38},"end":{"line":46,"column":58}}],"line":46},"5":{"loc":{"start":{"line":48,"column":11},"end":{"line":65,"column":5}},"type":"if","locations":[{"start":{"line":48,"column":11},"end":{"line":65,"column":5}},{"start":{"line":48,"column":11},"end":{"line":65,"column":5}}],"line":48},"6":{"loc":{"start":{"line":50,"column":11},"end":{"line":65,"column":5}},"type":"if","locations":[{"start":{"line":50,"column":11},"end":{"line":65,"column":5}},{"start":{"line":50,"column":11},"end":{"line":65,"column":5}}],"line":50},"7":{"loc":{"start":{"line":52,"column":11},"end":{"line":65,"column":5}},"type":"if","locations":[{"start":{"line":52,"column":11},"end":{"line":65,"column":5}},{"start":{"line":52,"column":11},"end":{"line":65,"column":5}}],"line":52},"8":{"loc":{"start":{"line":54,"column":11},"end":{"line":65,"column":5}},"type":"if","locations":[{"start":{"line":54,"column":11},"end":{"line":65,"column":5}},{"start":{"line":54,"column":11},"end":{"line":65,"column":5}}],"line":54},"9":{"loc":{"start":{"line":149,"column":11},"end":{"line":163,"column":11}},"type":"cond-expr","locations":[{"start":{"line":150,"column":12},"end":{"line":154,"column":31}},{"start":{"line":156,"column":12},"end":{"line":162,"column":31}}],"line":149}},"s":{"0":10,"1":10,"2":0,"3":0,"4":10,"5":9,"6":9,"7":9,"8":9,"9":9,"10":9,"11":1,"12":8,"13":1,"14":7,"15":1,"16":6,"17":1,"18":5,"19":1,"20":4,"21":1,"22":3,"23":1,"24":2,"25":1,"26":1,"27":1,"28":1,"29":10,"30":1,"31":1,"32":0,"33":0,"34":0,"35":0,"36":10,"37":0,"38":0,"39":0,"40":0,"41":0,"42":0,"43":21,"44":21,"45":21,"46":0,"47":0,"48":0,"49":0,"50":0,"51":9,"52":1,"53":10,"54":0},"f":{"0":0,"1":9,"2":1,"3":0,"4":21,"5":0,"6":0,"7":0,"8":0,"9":0,"10":9,"11":10,"12":0},"b":{"0":[1,8],"1":[1,7],"2":[1,6],"3":[1,5],"4":[6,5],"5":[1,4],"6":[1,3],"7":[1,2],"8":[1,1],"9":[1,20]},"_coverageSchema":"43e27e138ebf9cfc5966b082cf9a028302ed4184","hash":"7992478808cf0a221437b0dd79c3bc56da04922c"}
,"D:\\Job\\Internship\\hongoctuananh\\src\\screens\\SplashScreen.js": {"path":"D:\\Job\\Internship\\hongoctuananh\\src\\screens\\SplashScreen.js","statementMap":{"0":{"start":{"line":7,"column":4},"end":{"line":11,"column":6}}},"fnMap":{"0":{"name":"(anonymous_0)","decl":{"start":{"line":6,"column":2},"end":{"line":6,"column":3}},"loc":{"start":{"line":6,"column":11},"end":{"line":12,"column":3}},"line":6}},"branchMap":{},"s":{"0":34},"f":{"0":34},"b":{},"_coverageSchema":"43e27e138ebf9cfc5966b082cf9a028302ed4184","hash":"3be849c127a2eb3b66c0a18bb7476b3c65db5783"}
,"D:\\Job\\Internship\\hongoctuananh\\src\\screens\\ThankYouScreen.js": {"path":"D:\\Job\\Internship\\hongoctuananh\\src\\screens\\ThankYouScreen.js","statementMap":{"0":{"start":{"line":17,"column":25},"end":{"line":20,"column":3}},"1":{"start":{"line":18,"column":25},"end":{"line":18,"column":35}},"2":{"start":{"line":19,"column":4},"end":{"line":19,"column":39}},"3":{"start":{"line":22,"column":4},"end":{"line":46,"column":6}},"4":{"start":{"line":38,"column":27},"end":{"line":38,"column":54}}},"fnMap":{"0":{"name":"(anonymous_0)","decl":{"start":{"line":17,"column":25},"end":{"line":17,"column":26}},"loc":{"start":{"line":17,"column":31},"end":{"line":20,"column":3}},"line":17},"1":{"name":"(anonymous_1)","decl":{"start":{"line":21,"column":2},"end":{"line":21,"column":3}},"loc":{"start":{"line":21,"column":11},"end":{"line":47,"column":3}},"line":21},"2":{"name":"(anonymous_2)","decl":{"start":{"line":38,"column":21},"end":{"line":38,"column":22}},"loc":{"start":{"line":38,"column":27},"end":{"line":38,"column":54}},"line":38}},"branchMap":{},"s":{"0":2,"1":1,"2":1,"3":2,"4":1},"f":{"0":1,"1":2,"2":1},"b":{},"_coverageSchema":"43e27e138ebf9cfc5966b082cf9a028302ed4184","hash":"3bde361f6792cd610582f32bdc69c0b488e48496"}
,"D:\\Job\\Internship\\hongoctuananh\\src\\servers\\API.js": {"path":"D:\\Job\\Internship\\hongoctuananh\\src\\servers\\API.js","statementMap":{"0":{"start":{"line":4,"column":17},"end":{"line":4,"column":31}},"1":{"start":{"line":6,"column":0},"end":{"line":6,"column":46}},"2":{"start":{"line":8,"column":0},"end":{"line":18,"column":2}},"3":{"start":{"line":10,"column":4},"end":{"line":10,"column":33}},"4":{"start":{"line":11,"column":4},"end":{"line":11,"column":62}},"5":{"start":{"line":12,"column":4},"end":{"line":12,"column":19}},"6":{"start":{"line":15,"column":4},"end":{"line":15,"column":56}},"7":{"start":{"line":16,"column":4},"end":{"line":16,"column":55}},"8":{"start":{"line":20,"column":0},"end":{"line":32,"column":2}},"9":{"start":{"line":22,"column":4},"end":{"line":22,"column":51}},"10":{"start":{"line":23,"column":4},"end":{"line":23,"column":20}},"11":{"start":{"line":26,"column":4},"end":{"line":26,"column":56}},"12":{"start":{"line":27,"column":4},"end":{"line":29,"column":5}},"13":{"start":{"line":28,"column":6},"end":{"line":28,"column":51}},"14":{"start":{"line":30,"column":4},"end":{"line":30,"column":55}}},"fnMap":{"0":{"name":"(anonymous_0)","decl":{"start":{"line":9,"column":2},"end":{"line":9,"column":3}},"loc":{"start":{"line":9,"column":20},"end":{"line":13,"column":3}},"line":9},"1":{"name":"(anonymous_1)","decl":{"start":{"line":14,"column":2},"end":{"line":14,"column":3}},"loc":{"start":{"line":14,"column":18},"end":{"line":17,"column":3}},"line":14},"2":{"name":"(anonymous_2)","decl":{"start":{"line":21,"column":2},"end":{"line":21,"column":3}},"loc":{"start":{"line":21,"column":21},"end":{"line":24,"column":3}},"line":21},"3":{"name":"(anonymous_3)","decl":{"start":{"line":25,"column":2},"end":{"line":25,"column":3}},"loc":{"start":{"line":25,"column":18},"end":{"line":31,"column":3}},"line":25}},"branchMap":{"0":{"loc":{"start":{"line":27,"column":4},"end":{"line":29,"column":5}},"type":"if","locations":[{"start":{"line":27,"column":4},"end":{"line":29,"column":5}},{"start":{"line":27,"column":4},"end":{"line":29,"column":5}}],"line":27}},"s":{"0":4,"1":4,"2":4,"3":0,"4":0,"5":0,"6":0,"7":0,"8":4,"9":0,"10":0,"11":0,"12":0,"13":0,"14":0},"f":{"0":0,"1":0,"2":0,"3":0},"b":{"0":[0,0]},"_coverageSchema":"43e27e138ebf9cfc5966b082cf9a028302ed4184","hash":"0fe7a07ab435e614c0e14a78d9b8de4f2d8f548c"}
}
