TN:
SF:D:\Job\Internship\hongoctuananh\assets\HomeImg.jpg
FNF:0
FNH:0
DA:1,1
LF:1
LH:1
BRF:0
BRH:0
end_of_record
TN:
SF:D:\Job\Internship\hongoctuananh\assets\ThankYou.jpg
FNF:0
FNH:0
DA:1,1
LF:1
LH:1
BRF:0
BRH:0
end_of_record
TN:
SF:D:\Job\Internship\hongoctuananh\assets\background.jpg
FNF:0
FNH:0
DA:1,1
LF:1
LH:1
BRF:0
BRH:0
end_of_record
TN:
SF:D:\Job\Internship\hongoctuananh\assets\cash.jpg
FNF:0
FNH:0
DA:1,1
LF:1
LH:1
BRF:0
BRH:0
end_of_record
TN:
SF:D:\Job\Internship\hongoctuananh\src\components\BarsIcon.js
FN:12,(anonymous_0)
FNF:1
FNH:1
FNDA:15,(anonymous_0)
DA:8,1
DA:13,15
DA:14,15
LF:3
LH:3
BRF:0
BRH:0
end_of_record
TN:
SF:D:\Job\Internship\hongoctuananh\src\components\CartIcon.js
FN:12,(anonymous_0)
FNF:1
FNH:1
FNDA:15,(anonymous_0)
DA:8,1
DA:13,15
DA:14,15
LF:3
LH:3
BRF:0
BRH:0
end_of_record
TN:
SF:D:\Job\Internship\hongoctuananh\src\components\NavigationPanel.js
FN:26,(anonymous_0)
FN:31,(anonymous_1)
FN:38,(anonymous_2)
FN:49,(anonymous_3)
FN:85,(anonymous_4)
FN:95,(anonymous_5)
FN:106,(anonymous_6)
FN:114,(anonymous_7)
FN:125,(anonymous_8)
FN:183,(anonymous_9)
FN:188,(anonymous_10)
FN:189,(anonymous_11)
FNF:12
FNH:8
FNDA:2,(anonymous_0)
FNDA:1,(anonymous_1)
FNDA:1,(anonymous_2)
FNDA:23,(anonymous_3)
FNDA:0,(anonymous_4)
FNDA:0,(anonymous_5)
FNDA:2,(anonymous_6)
FNDA:1,(anonymous_7)
FNDA:0,(anonymous_8)
FNDA:16,(anonymous_9)
FNDA:16,(anonymous_10)
FNDA:0,(anonymous_11)
DA:22,16
DA:26,16
DA:27,2
DA:28,2
DA:29,2
DA:31,1
DA:38,16
DA:39,1
DA:40,1
DA:41,1
DA:42,0
DA:44,0
DA:45,0
DA:50,23
DA:59,23
DA:60,23
DA:85,0
DA:95,0
DA:106,2
DA:114,1
DA:125,0
DA:171,2
DA:183,16
DA:188,16
DA:189,0
LF:25
LH:18
BRDA:81,0,0,1
BRDA:81,0,1,22
BRDA:137,1,0,12
BRDA:137,1,1,11
BRF:4
BRH:4
end_of_record
TN:
SF:D:\Job\Internship\hongoctuananh\src\components\OrderPanel.js
FN:88,(anonymous_0)
FN:122,(anonymous_1)
FN:123,(anonymous_2)
FN:124,(anonymous_3)
FN:125,(anonymous_4)
FN:133,(anonymous_5)
FN:139,(anonymous_6)
FN:151,(anonymous_7)
FN:160,(anonymous_8)
FN:166,(anonymous_9)
FN:178,(anonymous_10)
FN:187,(anonymous_11)
FN:194,(anonymous_12)
FN:195,(anonymous_13)
FN:210,(anonymous_14)
FN:222,(anonymous_15)
FN:238,(anonymous_16)
FN:243,(anonymous_17)
FN:248,(anonymous_18)
FN:250,(anonymous_19)
FN:262,(anonymous_20)
FN:280,(anonymous_21)
FN:285,(anonymous_22)
FN:290,(anonymous_23)
FN:292,(anonymous_24)
FN:321,(anonymous_25)
FN:340,(anonymous_26)
FN:354,(anonymous_27)
FN:380,(anonymous_28)
FN:397,(anonymous_29)
FN:414,(anonymous_30)
FN:434,(anonymous_31)
FN:462,(anonymous_32)
FN:478,(anonymous_33)
FN:510,(anonymous_34)
FN:512,(anonymous_35)
FN:513,(anonymous_36)
FN:514,(anonymous_37)
FNF:38
FNH:19
FNDA:0,(anonymous_0)
FNDA:4,(anonymous_1)
FNDA:24,(anonymous_2)
FNDA:24,(anonymous_3)
FNDA:24,(anonymous_4)
FNDA:8,(anonymous_5)
FNDA:0,(anonymous_6)
FNDA:0,(anonymous_7)
FNDA:8,(anonymous_8)
FNDA:0,(anonymous_9)
FNDA:0,(anonymous_10)
FNDA:8,(anonymous_11)
FNDA:0,(anonymous_12)
FNDA:0,(anonymous_13)
FNDA:0,(anonymous_14)
FNDA:16,(anonymous_15)
FNDA:18,(anonymous_16)
FNDA:18,(anonymous_17)
FNDA:8,(anonymous_18)
FNDA:12,(anonymous_19)
FNDA:0,(anonymous_20)
FNDA:0,(anonymous_21)
FNDA:0,(anonymous_22)
FNDA:0,(anonymous_23)
FNDA:0,(anonymous_24)
FNDA:15,(anonymous_25)
FNDA:0,(anonymous_26)
FNDA:0,(anonymous_27)
FNDA:8,(anonymous_28)
FNDA:8,(anonymous_29)
FNDA:8,(anonymous_30)
FNDA:0,(anonymous_31)
FNDA:2,(anonymous_32)
FNDA:0,(anonymous_33)
FNDA:7,(anonymous_34)
FNDA:7,(anonymous_35)
FNDA:0,(anonymous_36)
FNDA:0,(anonymous_37)
DA:23,2
DA:76,7
DA:88,7
DA:90,0
DA:91,0
DA:92,0
DA:93,0
DA:95,0
DA:96,0
DA:104,0
DA:114,0
DA:115,0
DA:117,0
DA:118,0
DA:119,0
DA:122,7
DA:123,24
DA:124,24
DA:125,24
DA:126,4
DA:133,7
DA:134,8
DA:135,8
DA:136,8
DA:137,2
DA:139,0
DA:149,6
DA:151,0
DA:160,7
DA:161,8
DA:162,8
DA:163,8
DA:164,2
DA:166,0
DA:176,6
DA:178,0
DA:187,7
DA:188,8
DA:189,8
DA:190,8
DA:191,8
DA:192,6
DA:195,0
DA:196,0
DA:197,0
DA:208,2
DA:211,0
DA:212,0
DA:222,7
DA:223,16
DA:224,16
DA:226,16
DA:236,16
DA:238,18
DA:239,16
DA:240,3
DA:243,18
DA:244,16
DA:245,3
DA:248,16
DA:249,8
DA:250,12
DA:252,8
DA:253,8
DA:257,16
DA:259,16
DA:262,7
DA:263,0
DA:264,0
DA:273,0
DA:274,0
DA:276,0
DA:278,0
DA:279,0
DA:280,0
DA:281,0
DA:282,0
DA:283,0
DA:285,0
DA:286,0
DA:287,0
DA:288,0
DA:290,0
DA:291,0
DA:292,0
DA:294,0
DA:295,0
DA:296,0
DA:300,0
DA:302,0
DA:309,0
DA:310,0
DA:311,0
DA:313,0
DA:314,0
DA:315,0
DA:317,0
DA:322,15
DA:323,15
DA:331,15
DA:332,15
DA:333,15
DA:335,15
DA:341,0
DA:342,0
DA:355,0
DA:356,0
DA:380,8
DA:397,8
DA:414,8
DA:434,0
DA:463,2
DA:464,1
DA:465,1
DA:466,1
DA:468,0
DA:469,0
DA:470,0
DA:479,0
DA:480,0
DA:481,0
DA:482,0
DA:484,0
DA:485,0
DA:486,0
DA:501,2
DA:510,7
DA:512,7
DA:513,0
DA:515,0
LF:130
LH:62
BRDA:95,0,0,0
BRDA:95,0,1,0
BRDA:136,1,0,2
BRDA:136,1,1,6
BRDA:163,2,0,2
BRDA:163,2,1,6
BRDA:191,3,0,6
BRDA:191,3,1,2
BRDA:239,4,0,3
BRDA:239,4,1,13
BRDA:244,5,0,3
BRDA:244,5,1,13
BRDA:252,6,0,8
BRDA:252,6,1,0
BRDA:281,7,0,0
BRDA:281,7,1,0
BRDA:286,8,0,0
BRDA:286,8,1,0
BRDA:294,9,0,0
BRDA:294,9,1,0
BRDA:314,10,0,0
BRDA:314,10,1,0
BRDA:345,11,0,11
BRDA:345,11,1,4
BRDA:369,12,0,4
BRDA:369,12,1,0
BRDA:386,13,0,4
BRDA:386,13,1,0
BRDA:403,14,0,4
BRDA:403,14,1,0
BRDA:459,15,0,4
BRDA:459,15,1,0
BRDA:463,16,0,1
BRDA:463,16,1,1
BRDA:463,17,0,2
BRDA:463,17,1,2
BRDA:465,18,0,1
BRDA:465,18,1,0
BRDA:465,19,0,1
BRDA:465,19,1,1
BRDA:479,20,0,0
BRDA:479,20,1,0
BRDA:479,21,0,0
BRDA:479,21,1,0
BRDA:481,22,0,0
BRDA:481,22,1,0
BRDA:481,23,0,0
BRDA:481,23,1,0
BRF:48
BRH:24
end_of_record
TN:
SF:D:\Job\Internship\hongoctuananh\src\components\StringInput.js
FN:13,(anonymous_0)
FNF:1
FNH:1
FNDA:105,(anonymous_0)
DA:8,1
DA:14,105
DA:15,105
LF:3
LH:3
BRF:0
BRH:0
end_of_record
TN:
SF:D:\Job\Internship\hongoctuananh\src\components\TearLines.js
FN:11,(anonymous_0)
FN:21,(anonymous_1)
FN:29,(anonymous_2)
FN:33,(anonymous_3)
FN:37,(anonymous_4)
FN:41,(anonymous_5)
FN:49,(anonymous_6)
FN:82,(anonymous_7)
FNF:8
FNH:7
FNDA:10,(anonymous_0)
FNDA:10,(anonymous_1)
FNDA:0,(anonymous_2)
FNDA:81,(anonymous_3)
FNDA:135,(anonymous_4)
FNDA:54,(anonymous_5)
FNDA:27,(anonymous_6)
FNDA:1254,(anonymous_7)
DA:6,2
DA:7,2
DA:8,2
DA:12,10
DA:13,10
DA:18,10
DA:24,10
DA:25,10
DA:30,0
DA:34,81
DA:38,135
DA:42,54
DA:52,27
DA:53,27
DA:83,1254
DA:118,2
DA:137,2
LF:17
LH:16
BRDA:24,0,0,10
BRDA:24,0,1,0
BRDA:38,1,0,135
BRDA:38,1,1,135
BRDA:44,2,0,54
BRDA:44,2,1,54
BRDA:52,3,0,27
BRDA:52,3,1,27
BRDA:57,4,0,27
BRDA:57,4,1,0
BRDA:70,5,0,27
BRDA:70,5,1,0
BRDA:74,6,0,27
BRDA:74,6,1,0
BRDA:87,7,0,1254
BRDA:87,7,1,0
BRDA:91,8,0,1254
BRDA:91,8,1,1254
BRDA:101,9,0,27
BRDA:101,9,1,0
BRDA:105,10,0,27
BRDA:105,10,1,0
BRF:22
BRH:15
end_of_record
TN:
SF:D:\Job\Internship\hongoctuananh\src\config\configAPI.js
FNF:0
FNH:0
DA:1,3
LF:1
LH:1
BRF:0
BRH:0
end_of_record
TN:
SF:D:\Job\Internship\hongoctuananh\src\redux\actions.js
FN:7,(anonymous_0)
FN:14,(anonymous_1)
FN:19,(anonymous_2)
FN:26,(anonymous_3)
FN:33,(anonymous_4)
FNF:5
FNH:0
FNDA:0,(anonymous_0)
FNDA:0,(anonymous_1)
FNDA:0,(anonymous_2)
FNDA:0,(anonymous_3)
FNDA:0,(anonymous_4)
DA:1,4
DA:2,4
DA:3,4
DA:4,4
DA:5,4
DA:7,4
DA:8,0
DA:14,4
DA:19,4
DA:20,0
DA:26,4
DA:27,0
DA:33,4
DA:34,0
LF:14
LH:10
BRF:0
BRH:0
end_of_record
TN:
SF:D:\Job\Internship\hongoctuananh\src\repository\getAPI.js
FN:10,getAPI
FNF:1
FNH:0
FNDA:0,getAPI
DA:4,2
DA:11,0
DA:12,0
DA:13,0
DA:15,0
LF:5
LH:1
BRF:0
BRH:0
end_of_record
TN:
SF:D:\Job\Internship\hongoctuananh\src\repository\postUserAPI.js
FN:10,postUserAPI
FNF:1
FNH:1
FNDA:1,postUserAPI
DA:4,1
DA:11,1
DA:12,1
DA:13,0
DA:15,0
LF:5
LH:3
BRF:0
BRH:0
end_of_record
TN:
SF:D:\Job\Internship\hongoctuananh\src\resources\dimension.js
FNF:0
FNH:0
DA:3,8
DA:4,8
DA:6,8
LF:3
LH:3
BRF:0
BRH:0
end_of_record
TN:
SF:D:\Job\Internship\hongoctuananh\src\resources\string.js
FNF:0
FNH:0
DA:1,1
LF:1
LH:1
BRF:0
BRH:0
end_of_record
TN:
SF:D:\Job\Internship\hongoctuananh\src\resources\textStyle.js
FNF:0
FNH:0
DA:3,8
DA:4,8
DA:6,8
LF:3
LH:3
BRF:0
BRH:0
end_of_record
TN:
SF:D:\Job\Internship\hongoctuananh\src\screens\CartScreen.js
FN:28,(anonymous_0)
FN:33,(anonymous_1)
FN:36,(anonymous_2)
FN:42,(anonymous_3)
FN:47,(anonymous_4)
FN:52,(anonymous_5)
FN:65,(anonymous_6)
FN:83,(anonymous_7)
FN:88,(anonymous_8)
FN:97,(anonymous_9)
FN:102,(anonymous_10)
FN:110,(anonymous_11)
FN:119,(anonymous_12)
FN:120,(anonymous_13)
FN:162,(anonymous_14)
FN:185,(anonymous_15)
FN:190,(anonymous_16)
FN:191,(anonymous_17)
FNF:18
FNH:9
FNDA:0,(anonymous_0)
FNDA:4,(anonymous_1)
FNDA:24,(anonymous_2)
FNDA:18,(anonymous_3)
FNDA:18,(anonymous_4)
FNDA:0,(anonymous_5)
FNDA:0,(anonymous_6)
FNDA:0,(anonymous_7)
FNDA:0,(anonymous_8)
FNDA:1,(anonymous_9)
FNDA:0,(anonymous_10)
FNDA:3,(anonymous_11)
FNDA:0,(anonymous_12)
FNDA:0,(anonymous_13)
FNDA:1,(anonymous_14)
FNDA:3,(anonymous_15)
FNDA:3,(anonymous_16)
FNDA:0,(anonymous_17)
DA:21,3
DA:28,3
DA:29,0
DA:30,0
DA:33,3
DA:34,4
DA:35,4
DA:36,4
DA:37,24
DA:39,4
DA:42,3
DA:43,18
DA:44,18
DA:45,18
DA:46,18
DA:47,18
DA:48,18
DA:50,18
DA:53,0
DA:65,0
DA:83,3
DA:84,0
DA:85,0
DA:88,3
DA:89,0
DA:97,3
DA:98,1
DA:99,1
DA:102,3
DA:103,0
DA:104,0
DA:105,0
DA:111,3
DA:112,3
DA:113,3
DA:115,3
DA:119,0
DA:120,0
DA:163,1
DA:164,1
DA:165,1
DA:166,0
DA:167,0
DA:169,0
DA:180,1
DA:185,3
DA:190,3
DA:191,0
LF:48
LH:32
BRDA:163,0,0,1
BRDA:163,0,1,0
BRDA:166,1,0,0
BRDA:166,1,1,0
BRF:4
BRH:1
end_of_record
TN:
SF:D:\Job\Internship\hongoctuananh\src\screens\CategoryScreen.js
FN:22,(anonymous_0)
FN:30,(anonymous_1)
FN:34,(anonymous_2)
FN:47,(anonymous_3)
FN:54,(anonymous_4)
FN:55,(anonymous_5)
FN:56,(anonymous_6)
FN:60,(anonymous_7)
FN:67,(anonymous_8)
FN:71,(anonymous_9)
FN:75,(anonymous_10)
FN:85,(anonymous_11)
FN:88,(anonymous_12)
FN:89,(anonymous_13)
FN:99,(anonymous_14)
FNF:15
FNH:12
FNDA:2,(anonymous_0)
FNDA:30,(anonymous_1)
FNDA:2,(anonymous_2)
FNDA:15,(anonymous_3)
FNDA:0,(anonymous_4)
FNDA:0,(anonymous_5)
FNDA:1,(anonymous_6)
FNDA:0,(anonymous_7)
FNDA:1,(anonymous_8)
FNDA:1,(anonymous_9)
FNDA:1,(anonymous_10)
FNDA:30,(anonymous_11)
FNDA:1,(anonymous_12)
FNDA:1,(anonymous_13)
FNDA:10,(anonymous_14)
DA:18,10
DA:22,10
DA:23,2
DA:24,2
DA:30,10
DA:31,30
DA:32,30
DA:34,2
DA:48,15
DA:50,15
DA:54,0
DA:55,0
DA:57,1
DA:58,1
DA:61,0
DA:62,0
DA:68,1
DA:69,1
DA:72,1
DA:73,1
DA:76,1
DA:77,1
DA:85,30
DA:88,1
DA:89,1
DA:95,1
DA:99,10
LF:27
LH:23
BRF:0
BRH:0
end_of_record
TN:
SF:D:\Job\Internship\hongoctuananh\src\screens\CheckOutScreen.js
FN:40,(anonymous_0)
FN:47,(anonymous_1)
FN:52,(anonymous_2)
FN:58,(anonymous_3)
FN:74,(anonymous_4)
FN:87,(anonymous_5)
FN:115,(anonymous_6)
FN:124,(anonymous_7)
FN:157,(anonymous_8)
FN:167,(anonymous_9)
FN:175,(anonymous_10)
FN:185,(anonymous_11)
FN:196,(anonymous_12)
FN:202,(anonymous_13)
FN:222,(anonymous_14)
FN:226,(anonymous_15)
FNF:16
FNH:9
FNDA:7,(anonymous_0)
FNDA:0,(anonymous_1)
FNDA:21,(anonymous_2)
FNDA:0,(anonymous_3)
FNDA:0,(anonymous_4)
FNDA:6,(anonymous_5)
FNDA:1,(anonymous_6)
FNDA:21,(anonymous_7)
FNDA:0,(anonymous_8)
FNDA:0,(anonymous_9)
FNDA:0,(anonymous_10)
FNDA:0,(anonymous_11)
FNDA:21,(anonymous_12)
FNDA:6,(anonymous_13)
FNDA:7,(anonymous_14)
FNDA:7,(anonymous_15)
DA:27,1
DA:29,1
DA:32,7
DA:41,7
DA:42,7
DA:43,7
DA:44,7
DA:47,7
DA:48,0
DA:49,0
DA:52,7
DA:53,21
DA:54,21
DA:55,21
DA:56,6
DA:58,0
DA:72,15
DA:74,0
DA:87,7
DA:88,6
DA:89,6
DA:90,6
DA:92,6
DA:93,1
DA:94,5
DA:95,1
DA:96,4
DA:97,1
DA:98,3
DA:99,1
DA:100,2
DA:101,1
DA:103,1
DA:111,1
DA:115,7
DA:116,1
DA:117,1
DA:118,1
DA:125,21
DA:126,21
DA:128,21
DA:157,0
DA:167,0
DA:175,0
DA:185,0
DA:196,21
DA:203,6
DA:218,1
DA:222,7
DA:226,7
LF:50
LH:42
BRDA:55,0,0,6
BRDA:55,0,1,15
BRDA:92,1,0,1
BRDA:92,1,1,5
BRDA:94,2,0,1
BRDA:94,2,1,4
BRDA:96,3,0,1
BRDA:96,3,1,3
BRDA:98,4,0,1
BRDA:98,4,1,2
BRDA:100,5,0,1
BRDA:100,5,1,1
BRF:12
BRH:12
end_of_record
TN:
SF:D:\Job\Internship\hongoctuananh\src\screens\HomeScreen.js
FN:16,(anonymous_0)
FN:20,(anonymous_1)
FN:34,(anonymous_2)
FNF:3
FNH:3
FNDA:1,(anonymous_0)
FNDA:2,(anonymous_1)
FNDA:1,(anonymous_2)
DA:16,2
DA:17,1
DA:18,1
DA:21,2
DA:34,1
LF:5
LH:5
BRF:0
BRH:0
end_of_record
TN:
SF:D:\Job\Internship\hongoctuananh\src\screens\SignUpScreen.js
FN:27,(anonymous_0)
FN:32,(anonymous_1)
FN:66,(anonymous_2)
FN:79,(anonymous_3)
FN:106,(anonymous_4)
FN:113,(anonymous_5)
FN:120,(anonymous_6)
FN:127,(anonymous_7)
FN:134,(anonymous_8)
FN:148,(anonymous_9)
FNF:10
FNH:4
FNDA:0,(anonymous_0)
FNDA:9,(anonymous_1)
FNDA:1,(anonymous_2)
FNDA:21,(anonymous_3)
FNDA:0,(anonymous_4)
FNDA:0,(anonymous_5)
FNDA:0,(anonymous_6)
FNDA:0,(anonymous_7)
FNDA:0,(anonymous_8)
FNDA:9,(anonymous_9)
DA:18,10
DA:27,10
DA:28,0
DA:29,0
DA:32,10
DA:33,9
DA:34,9
DA:35,9
DA:36,9
DA:37,9
DA:38,9
DA:39,1
DA:40,8
DA:41,1
DA:42,7
DA:43,1
DA:44,6
DA:45,1
DA:46,5
DA:47,1
DA:48,4
DA:49,1
DA:50,3
DA:51,1
DA:52,2
DA:53,1
DA:55,1
DA:61,1
DA:62,1
DA:66,10
DA:67,1
DA:68,1
DA:70,0
DA:71,0
DA:73,0
DA:74,0
DA:76,0
DA:80,21
DA:81,21
DA:83,21
DA:106,0
DA:113,0
DA:120,0
DA:127,0
DA:134,0
DA:149,9
LF:46
LH:34
BRDA:38,0,0,1
BRDA:38,0,1,8
BRDA:40,1,0,1
BRDA:40,1,1,7
BRDA:42,2,0,1
BRDA:42,2,1,6
BRDA:44,3,0,1
BRDA:44,3,1,5
BRDA:44,4,0,6
BRDA:44,4,1,5
BRDA:46,5,0,1
BRDA:46,5,1,4
BRDA:48,6,0,1
BRDA:48,6,1,3
BRDA:50,7,0,1
BRDA:50,7,1,2
BRDA:52,8,0,1
BRDA:52,8,1,1
BRDA:139,9,0,1
BRDA:139,9,1,20
BRF:20
BRH:20
end_of_record
TN:
SF:D:\Job\Internship\hongoctuananh\src\screens\SplashScreen.js
FN:6,(anonymous_0)
FNF:1
FNH:1
FNDA:11,(anonymous_0)
DA:7,11
LF:1
LH:1
BRF:0
BRH:0
end_of_record
TN:
SF:D:\Job\Internship\hongoctuananh\src\screens\ThankYouScreen.js
FN:15,(anonymous_0)
FN:19,(anonymous_1)
FN:31,(anonymous_2)
FNF:3
FNH:3
FNDA:1,(anonymous_0)
FNDA:2,(anonymous_1)
FNDA:1,(anonymous_2)
DA:15,2
DA:16,1
DA:17,1
DA:20,2
DA:31,1
LF:5
LH:5
BRF:0
BRH:0
end_of_record
TN:
SF:D:\Job\Internship\hongoctuananh\src\servers\API.js
FN:9,(anonymous_0)
FN:14,(anonymous_1)
FN:21,(anonymous_2)
FN:25,(anonymous_3)
FNF:4
FNH:0
FNDA:0,(anonymous_0)
FNDA:0,(anonymous_1)
FNDA:0,(anonymous_2)
FNDA:0,(anonymous_3)
DA:4,3
DA:6,3
DA:8,3
DA:10,0
DA:11,0
DA:12,0
DA:15,0
DA:16,0
DA:20,3
DA:22,0
DA:23,0
DA:26,0
DA:27,0
DA:28,0
DA:30,0
LF:15
LH:4
BRDA:27,0,0,0
BRDA:27,0,1,0
BRF:2
BRH:0
end_of_record
