TN:
SF:D:\Job\Internship\hongoctuananh\assets\HomeImg.jpg
FNF:0
FNH:0
DA:1,1
LF:1
LH:1
BRF:0
BRH:0
end_of_record
TN:
SF:D:\Job\Internship\hongoctuananh\assets\Logo.png
FNF:0
FNH:0
DA:1,2
LF:1
LH:1
BRF:0
BRH:0
end_of_record
TN:
SF:D:\Job\Internship\hongoctuananh\assets\ThankYou.jpg
FNF:0
FNH:0
DA:1,1
LF:1
LH:1
BRF:0
BRH:0
end_of_record
TN:
SF:D:\Job\Internship\hongoctuananh\assets\background.jpg
FNF:0
FNH:0
DA:1,1
LF:1
LH:1
BRF:0
BRH:0
end_of_record
TN:
SF:D:\Job\Internship\hongoctuananh\assets\cash.jpg
FNF:0
FNH:0
DA:1,1
LF:1
LH:1
BRF:0
BRH:0
end_of_record
TN:
SF:D:\Job\Internship\hongoctuananh\src\components\BarsIcon.js
FN:12,(anonymous_0)
FNF:1
FNH:1
FNDA:19,(anonymous_0)
DA:8,2
DA:13,19
DA:14,19
LF:3
LH:3
BRF:0
BRH:0
end_of_record
TN:
SF:D:\Job\Internship\hongoctuananh\src\components\CartIcon.js
FN:10,(anonymous_0)
FN:31,(anonymous_1)
FNF:2
FNH:2
FNDA:19,(anonymous_0)
FNDA:13,(anonymous_1)
DA:11,19
DA:12,19
DA:13,19
DA:26,2
DA:31,13
LF:5
LH:5
BRDA:16,0,0,4
BRDA:16,0,1,15
BRF:2
BRH:2
end_of_record
TN:
SF:D:\Job\Internship\hongoctuananh\src\components\FavoriteProductCarousel.js
FN:17,(anonymous_0)
FN:23,(anonymous_1)
FN:32,(anonymous_2)
FN:53,(anonymous_3)
FN:61,(anonymous_4)
FNF:5
FNH:5
FNDA:9,(anonymous_0)
FNDA:2,(anonymous_1)
FNDA:1,(anonymous_2)
FNDA:3,(anonymous_3)
FNDA:3,(anonymous_4)
DA:11,1
DA:17,3
DA:18,9
DA:19,9
DA:20,9
DA:23,2
DA:32,1
DA:54,3
DA:55,3
DA:62,3
LF:10
LH:10
BRF:0
BRH:0
end_of_record
TN:
SF:D:\Job\Internship\hongoctuananh\src\components\NavigationPanel.js
FN:26,(anonymous_0)
FN:31,(anonymous_1)
FN:38,(anonymous_2)
FN:49,(anonymous_3)
FN:85,(anonymous_4)
FN:95,(anonymous_5)
FN:106,(anonymous_6)
FN:114,(anonymous_7)
FN:125,(anonymous_8)
FN:183,(anonymous_9)
FN:188,(anonymous_10)
FN:189,(anonymous_11)
FNF:12
FNH:8
FNDA:2,(anonymous_0)
FNDA:1,(anonymous_1)
FNDA:1,(anonymous_2)
FNDA:27,(anonymous_3)
FNDA:0,(anonymous_4)
FNDA:0,(anonymous_5)
FNDA:2,(anonymous_6)
FNDA:1,(anonymous_7)
FNDA:0,(anonymous_8)
FNDA:19,(anonymous_9)
FNDA:19,(anonymous_10)
FNDA:0,(anonymous_11)
DA:22,19
DA:26,19
DA:27,2
DA:28,2
DA:29,2
DA:31,1
DA:38,19
DA:39,1
DA:40,1
DA:41,1
DA:42,0
DA:44,0
DA:45,0
DA:50,27
DA:59,27
DA:60,27
DA:85,0
DA:95,0
DA:106,2
DA:114,1
DA:125,0
DA:171,3
DA:183,19
DA:188,19
DA:189,0
LF:25
LH:18
BRDA:81,0,0,1
BRDA:81,0,1,26
BRDA:137,1,0,16
BRDA:137,1,1,11
BRF:4
BRH:4
end_of_record
TN:
SF:D:\Job\Internship\hongoctuananh\src\components\OrderPanel.js
FN:88,(anonymous_0)
FN:122,(anonymous_1)
FN:123,(anonymous_2)
FN:124,(anonymous_3)
FN:125,(anonymous_4)
FN:139,(anonymous_5)
FN:145,(anonymous_6)
FN:157,(anonymous_7)
FN:166,(anonymous_8)
FN:172,(anonymous_9)
FN:184,(anonymous_10)
FN:193,(anonymous_11)
FN:200,(anonymous_12)
FN:201,(anonymous_13)
FN:216,(anonymous_14)
FN:228,(anonymous_15)
FN:244,(anonymous_16)
FN:249,(anonymous_17)
FN:254,(anonymous_18)
FN:256,(anonymous_19)
FN:268,(anonymous_20)
FN:286,(anonymous_21)
FN:291,(anonymous_22)
FN:296,(anonymous_23)
FN:298,(anonymous_24)
FN:327,(anonymous_25)
FN:346,(anonymous_26)
FN:360,(anonymous_27)
FN:386,(anonymous_28)
FN:403,(anonymous_29)
FN:420,(anonymous_30)
FN:440,(anonymous_31)
FN:468,(anonymous_32)
FN:484,(anonymous_33)
FN:510,(anonymous_34)
FN:512,(anonymous_35)
FN:513,(anonymous_36)
FN:514,(anonymous_37)
FNF:38
FNH:24
FNDA:0,(anonymous_0)
FNDA:7,(anonymous_1)
FNDA:42,(anonymous_2)
FNDA:42,(anonymous_3)
FNDA:42,(anonymous_4)
FNDA:26,(anonymous_5)
FNDA:0,(anonymous_6)
FNDA:1,(anonymous_7)
FNDA:26,(anonymous_8)
FNDA:0,(anonymous_9)
FNDA:1,(anonymous_10)
FNDA:26,(anonymous_11)
FNDA:1,(anonymous_12)
FNDA:1,(anonymous_13)
FNDA:2,(anonymous_14)
FNDA:48,(anonymous_15)
FNDA:24,(anonymous_16)
FNDA:24,(anonymous_17)
FNDA:10,(anonymous_18)
FNDA:15,(anonymous_19)
FNDA:0,(anonymous_20)
FNDA:0,(anonymous_21)
FNDA:0,(anonymous_22)
FNDA:0,(anonymous_23)
FNDA:0,(anonymous_24)
FNDA:47,(anonymous_25)
FNDA:0,(anonymous_26)
FNDA:0,(anonymous_27)
FNDA:26,(anonymous_28)
FNDA:26,(anonymous_29)
FNDA:26,(anonymous_30)
FNDA:1,(anonymous_31)
FNDA:0,(anonymous_32)
FNDA:0,(anonymous_33)
FNDA:12,(anonymous_34)
FNDA:12,(anonymous_35)
FNDA:0,(anonymous_36)
FNDA:0,(anonymous_37)
DA:23,3
DA:76,12
DA:88,12
DA:90,0
DA:91,0
DA:92,0
DA:93,0
DA:95,0
DA:96,0
DA:104,0
DA:114,0
DA:115,0
DA:117,0
DA:118,0
DA:119,0
DA:122,12
DA:123,42
DA:124,42
DA:125,42
DA:126,7
DA:127,7
DA:129,7
DA:130,7
DA:132,7
DA:139,12
DA:140,26
DA:141,26
DA:142,26
DA:143,13
DA:145,0
DA:155,13
DA:157,1
DA:166,12
DA:167,26
DA:168,26
DA:169,26
DA:170,13
DA:172,0
DA:182,13
DA:184,1
DA:193,12
DA:194,26
DA:195,26
DA:196,26
DA:197,26
DA:198,8
DA:201,1
DA:202,1
DA:203,1
DA:214,18
DA:217,2
DA:218,2
DA:228,12
DA:229,48
DA:230,48
DA:232,48
DA:242,48
DA:244,48
DA:245,48
DA:246,21
DA:249,48
DA:250,48
DA:251,21
DA:254,48
DA:255,10
DA:256,15
DA:258,10
DA:259,10
DA:263,48
DA:265,48
DA:268,12
DA:269,0
DA:270,0
DA:279,0
DA:280,0
DA:282,0
DA:284,0
DA:285,0
DA:286,0
DA:287,0
DA:288,0
DA:289,0
DA:291,0
DA:292,0
DA:293,0
DA:294,0
DA:296,0
DA:297,0
DA:298,0
DA:300,0
DA:301,0
DA:302,0
DA:306,0
DA:308,0
DA:315,0
DA:316,0
DA:317,0
DA:319,0
DA:320,0
DA:321,0
DA:323,0
DA:328,47
DA:329,47
DA:337,47
DA:338,47
DA:339,47
DA:341,47
DA:347,0
DA:348,0
DA:361,0
DA:362,0
DA:386,26
DA:403,26
DA:420,26
DA:440,1
DA:469,0
DA:470,0
DA:471,0
DA:472,0
DA:474,0
DA:475,0
DA:476,0
DA:485,0
DA:486,0
DA:487,0
DA:501,3
DA:510,12
DA:512,12
DA:513,0
DA:515,0
LF:130
LH:70
BRDA:95,0,0,0
BRDA:95,0,1,0
BRDA:126,1,0,7
BRDA:126,1,1,0
BRDA:129,2,0,7
BRDA:129,2,1,0
BRDA:142,3,0,13
BRDA:142,3,1,13
BRDA:169,4,0,13
BRDA:169,4,1,13
BRDA:197,5,0,8
BRDA:197,5,1,18
BRDA:245,6,0,21
BRDA:245,6,1,27
BRDA:250,7,0,21
BRDA:250,7,1,27
BRDA:258,8,0,10
BRDA:258,8,1,0
BRDA:287,9,0,0
BRDA:287,9,1,0
BRDA:292,10,0,0
BRDA:292,10,1,0
BRDA:300,11,0,0
BRDA:300,11,1,0
BRDA:320,12,0,0
BRDA:320,12,1,0
BRDA:351,13,0,34
BRDA:351,13,1,13
BRDA:375,14,0,13
BRDA:375,14,1,0
BRDA:392,15,0,13
BRDA:392,15,1,0
BRDA:409,16,0,13
BRDA:409,16,1,0
BRDA:465,17,0,13
BRDA:465,17,1,0
BRDA:469,18,0,0
BRDA:469,18,1,0
BRDA:469,19,0,0
BRDA:469,19,1,0
BRDA:471,20,0,0
BRDA:471,20,1,0
BRDA:471,21,0,0
BRDA:471,21,1,0
BRF:44
BRH:19
end_of_record
TN:
SF:D:\Job\Internship\hongoctuananh\src\components\StringInput.js
FN:13,(anonymous_0)
FNF:1
FNH:1
FNDA:105,(anonymous_0)
DA:8,1
DA:14,105
DA:15,105
LF:3
LH:3
BRF:0
BRH:0
end_of_record
TN:
SF:D:\Job\Internship\hongoctuananh\src\components\TearLines.js
FN:11,(anonymous_0)
FN:21,(anonymous_1)
FN:29,(anonymous_2)
FN:33,(anonymous_3)
FN:37,(anonymous_4)
FN:41,(anonymous_5)
FN:49,(anonymous_6)
FN:82,(anonymous_7)
FNF:8
FNH:7
FNDA:9,(anonymous_0)
FNDA:9,(anonymous_1)
FNDA:0,(anonymous_2)
FNDA:75,(anonymous_3)
FNDA:125,(anonymous_4)
FNDA:50,(anonymous_5)
FNDA:25,(anonymous_6)
FNDA:1186,(anonymous_7)
DA:6,2
DA:7,2
DA:8,2
DA:12,9
DA:13,9
DA:18,9
DA:24,9
DA:25,9
DA:30,0
DA:34,75
DA:38,125
DA:42,50
DA:52,25
DA:53,25
DA:83,1186
DA:118,2
DA:137,2
LF:17
LH:16
BRDA:24,0,0,9
BRDA:24,0,1,0
BRDA:38,1,0,125
BRDA:38,1,1,125
BRDA:44,2,0,50
BRDA:44,2,1,50
BRDA:52,3,0,25
BRDA:52,3,1,25
BRDA:57,4,0,25
BRDA:57,4,1,0
BRDA:70,5,0,25
BRDA:70,5,1,0
BRDA:74,6,0,25
BRDA:74,6,1,0
BRDA:87,7,0,1186
BRDA:87,7,1,0
BRDA:91,8,0,1186
BRDA:91,8,1,1186
BRDA:101,9,0,25
BRDA:101,9,1,0
BRDA:105,10,0,25
BRDA:105,10,1,0
BRF:22
BRH:15
end_of_record
TN:
SF:D:\Job\Internship\hongoctuananh\src\config\configAPI.js
FNF:0
FNH:0
DA:1,4
LF:1
LH:1
BRF:0
BRH:0
end_of_record
TN:
SF:D:\Job\Internship\hongoctuananh\src\redux\actions.js
FN:8,(anonymous_0)
FN:15,(anonymous_1)
FN:20,(anonymous_2)
FN:27,(anonymous_3)
FN:34,(anonymous_4)
FN:42,(anonymous_5)
FNF:6
FNH:6
FNDA:1,(anonymous_0)
FNDA:1,(anonymous_1)
FNDA:1,(anonymous_2)
FNDA:1,(anonymous_3)
FNDA:1,(anonymous_4)
FNDA:1,(anonymous_5)
DA:1,8
DA:2,8
DA:3,8
DA:4,8
DA:5,8
DA:6,8
DA:8,8
DA:9,1
DA:15,8
DA:20,8
DA:21,1
DA:27,8
DA:28,1
DA:34,8
DA:35,1
DA:42,8
DA:43,1
LF:17
LH:17
BRF:0
BRH:0
end_of_record
TN:
SF:D:\Job\Internship\hongoctuananh\src\redux\reducer.js
FN:16,(anonymous_0)
FN:34,(anonymous_1)
FN:43,(anonymous_2)
FNF:3
FNH:3
FNDA:7,(anonymous_0)
FNDA:1,(anonymous_1)
FNDA:1,(anonymous_2)
DA:10,1
DA:16,1
DA:17,7
DA:19,1
DA:22,1
DA:25,1
DA:31,1
DA:35,1
DA:40,1
DA:44,1
DA:45,0
DA:47,1
DA:56,1
DA:62,1
LF:14
LH:13
BRDA:16,0,0,1
BRDA:17,1,0,1
BRDA:17,1,1,1
BRDA:17,1,2,1
BRDA:17,1,3,1
BRDA:17,1,4,1
BRDA:17,1,5,1
BRDA:17,1,6,1
BRDA:44,2,0,0
BRDA:44,2,1,1
BRF:10
BRH:9
end_of_record
TN:
SF:D:\Job\Internship\hongoctuananh\src\repository\getAPI.js
FN:10,getAPI
FNF:1
FNH:0
FNDA:0,getAPI
DA:4,3
DA:11,0
DA:12,0
DA:13,0
DA:15,0
LF:5
LH:1
BRF:0
BRH:0
end_of_record
TN:
SF:D:\Job\Internship\hongoctuananh\src\repository\postUserAPI.js
FN:10,postUserAPI
FNF:1
FNH:1
FNDA:1,postUserAPI
DA:4,1
DA:11,1
DA:12,1
DA:13,0
DA:15,0
LF:5
LH:3
BRF:0
BRH:0
end_of_record
TN:
SF:D:\Job\Internship\hongoctuananh\src\resources\dimension.js
FNF:0
FNH:0
DA:3,10
DA:4,10
DA:6,10
LF:3
LH:3
BRF:0
BRH:0
end_of_record
TN:
SF:D:\Job\Internship\hongoctuananh\src\resources\string.js
FNF:0
FNH:0
DA:1,1
LF:1
LH:1
BRF:0
BRH:0
end_of_record
TN:
SF:D:\Job\Internship\hongoctuananh\src\resources\textStyle.js
FNF:0
FNH:0
DA:3,10
DA:4,10
DA:6,10
LF:3
LH:3
BRF:0
BRH:0
end_of_record
TN:
SF:D:\Job\Internship\hongoctuananh\src\screens\CartScreen.js
FN:28,(anonymous_0)
FN:33,(anonymous_1)
FN:36,(anonymous_2)
FN:42,(anonymous_3)
FN:47,(anonymous_4)
FN:52,(anonymous_5)
FN:65,(anonymous_6)
FN:83,(anonymous_7)
FN:88,(anonymous_8)
FN:97,(anonymous_9)
FN:102,(anonymous_10)
FN:110,(anonymous_11)
FN:119,(anonymous_12)
FN:120,(anonymous_13)
FN:162,(anonymous_14)
FN:184,(anonymous_15)
FN:189,(anonymous_16)
FN:190,(anonymous_17)
FNF:18
FNH:7
FNDA:0,(anonymous_0)
FNDA:3,(anonymous_1)
FNDA:18,(anonymous_2)
FNDA:12,(anonymous_3)
FNDA:12,(anonymous_4)
FNDA:0,(anonymous_5)
FNDA:0,(anonymous_6)
FNDA:0,(anonymous_7)
FNDA:0,(anonymous_8)
FNDA:0,(anonymous_9)
FNDA:0,(anonymous_10)
FNDA:2,(anonymous_11)
FNDA:0,(anonymous_12)
FNDA:0,(anonymous_13)
FNDA:0,(anonymous_14)
FNDA:2,(anonymous_15)
FNDA:2,(anonymous_16)
FNDA:0,(anonymous_17)
DA:21,2
DA:28,2
DA:29,0
DA:30,0
DA:33,2
DA:34,3
DA:35,3
DA:36,3
DA:37,18
DA:39,3
DA:42,2
DA:43,12
DA:44,12
DA:45,12
DA:46,12
DA:47,12
DA:48,12
DA:50,12
DA:53,0
DA:65,0
DA:83,2
DA:84,0
DA:85,0
DA:88,2
DA:89,0
DA:97,2
DA:98,0
DA:99,0
DA:102,2
DA:103,0
DA:104,0
DA:105,0
DA:111,2
DA:112,2
DA:113,2
DA:115,2
DA:119,0
DA:120,0
DA:163,0
DA:164,0
DA:165,0
DA:166,0
DA:168,0
DA:179,1
DA:184,2
DA:189,2
DA:190,0
LF:47
LH:27
BRDA:163,0,0,0
BRDA:163,0,1,0
BRDA:165,1,0,0
BRDA:165,1,1,0
BRF:4
BRH:0
end_of_record
TN:
SF:D:\Job\Internship\hongoctuananh\src\screens\CategoryScreen.js
FN:22,(anonymous_0)
FN:30,(anonymous_1)
FN:34,(anonymous_2)
FN:47,(anonymous_3)
FN:54,(anonymous_4)
FN:55,(anonymous_5)
FN:56,(anonymous_6)
FN:60,(anonymous_7)
FN:67,(anonymous_8)
FN:71,(anonymous_9)
FN:75,(anonymous_10)
FN:85,(anonymous_11)
FN:88,(anonymous_12)
FN:89,(anonymous_13)
FN:99,(anonymous_14)
FNF:15
FNH:12
FNDA:2,(anonymous_0)
FNDA:30,(anonymous_1)
FNDA:2,(anonymous_2)
FNDA:15,(anonymous_3)
FNDA:0,(anonymous_4)
FNDA:0,(anonymous_5)
FNDA:1,(anonymous_6)
FNDA:0,(anonymous_7)
FNDA:1,(anonymous_8)
FNDA:1,(anonymous_9)
FNDA:1,(anonymous_10)
FNDA:30,(anonymous_11)
FNDA:1,(anonymous_12)
FNDA:1,(anonymous_13)
FNDA:10,(anonymous_14)
DA:18,10
DA:22,10
DA:23,2
DA:24,2
DA:30,10
DA:31,30
DA:32,30
DA:34,2
DA:48,15
DA:50,15
DA:54,0
DA:55,0
DA:57,1
DA:58,1
DA:61,0
DA:62,0
DA:68,1
DA:69,1
DA:72,1
DA:73,1
DA:76,1
DA:77,1
DA:85,30
DA:88,1
DA:89,1
DA:95,1
DA:99,10
LF:27
LH:23
BRF:0
BRH:0
end_of_record
TN:
SF:D:\Job\Internship\hongoctuananh\src\screens\CheckOutScreen.js
FN:40,(anonymous_0)
FN:47,(anonymous_1)
FN:52,(anonymous_2)
FN:58,(anonymous_3)
FN:74,(anonymous_4)
FN:87,(anonymous_5)
FN:115,(anonymous_6)
FN:124,(anonymous_7)
FN:157,(anonymous_8)
FN:167,(anonymous_9)
FN:175,(anonymous_10)
FN:185,(anonymous_11)
FN:196,(anonymous_12)
FN:202,(anonymous_13)
FN:222,(anonymous_14)
FN:226,(anonymous_15)
FNF:16
FNH:9
FNDA:7,(anonymous_0)
FNDA:0,(anonymous_1)
FNDA:21,(anonymous_2)
FNDA:0,(anonymous_3)
FNDA:0,(anonymous_4)
FNDA:6,(anonymous_5)
FNDA:1,(anonymous_6)
FNDA:21,(anonymous_7)
FNDA:0,(anonymous_8)
FNDA:0,(anonymous_9)
FNDA:0,(anonymous_10)
FNDA:0,(anonymous_11)
FNDA:21,(anonymous_12)
FNDA:6,(anonymous_13)
FNDA:7,(anonymous_14)
FNDA:7,(anonymous_15)
DA:27,1
DA:29,1
DA:32,7
DA:41,7
DA:42,7
DA:43,7
DA:44,7
DA:47,7
DA:48,0
DA:49,0
DA:52,7
DA:53,21
DA:54,21
DA:55,21
DA:56,6
DA:58,0
DA:72,15
DA:74,0
DA:87,7
DA:88,6
DA:89,6
DA:90,6
DA:92,6
DA:93,1
DA:94,5
DA:95,1
DA:96,4
DA:97,1
DA:98,3
DA:99,1
DA:100,2
DA:101,1
DA:103,1
DA:111,1
DA:115,7
DA:116,1
DA:117,1
DA:118,1
DA:125,21
DA:126,21
DA:128,21
DA:157,0
DA:167,0
DA:175,0
DA:185,0
DA:196,21
DA:203,6
DA:218,1
DA:222,7
DA:226,7
LF:50
LH:42
BRDA:55,0,0,6
BRDA:55,0,1,15
BRDA:92,1,0,1
BRDA:92,1,1,5
BRDA:94,2,0,1
BRDA:94,2,1,4
BRDA:96,3,0,1
BRDA:96,3,1,3
BRDA:98,4,0,1
BRDA:98,4,1,2
BRDA:100,5,0,1
BRDA:100,5,1,1
BRF:12
BRH:12
end_of_record
TN:
SF:D:\Job\Internship\hongoctuananh\src\screens\HomeScreen.js
FN:18,(anonymous_0)
FN:22,(anonymous_1)
FN:41,(anonymous_2)
FNF:3
FNH:3
FNDA:1,(anonymous_0)
FNDA:2,(anonymous_1)
FNDA:1,(anonymous_2)
DA:18,2
DA:19,1
DA:20,1
DA:23,2
DA:41,1
LF:5
LH:5
BRF:0
BRH:0
end_of_record
TN:
SF:D:\Job\Internship\hongoctuananh\src\screens\ProductDetailScreen.js
FN:17,(anonymous_0)
FN:22,(anonymous_1)
FN:30,(anonymous_2)
FN:31,(anonymous_3)
FN:32,(anonymous_4)
FN:36,(anonymous_5)
FN:43,(anonymous_6)
FN:47,(anonymous_7)
FN:51,(anonymous_8)
FN:58,(anonymous_9)
FN:59,(anonymous_10)
FN:83,(anonymous_11)
FN:92,(anonymous_12)
FN:93,(anonymous_13)
FNF:14
FNH:3
FNDA:1,(anonymous_0)
FNDA:4,(anonymous_1)
FNDA:0,(anonymous_2)
FNDA:0,(anonymous_3)
FNDA:0,(anonymous_4)
FNDA:0,(anonymous_5)
FNDA:0,(anonymous_6)
FNDA:0,(anonymous_7)
FNDA:0,(anonymous_8)
FNDA:0,(anonymous_9)
FNDA:0,(anonymous_10)
FNDA:1,(anonymous_11)
FNDA:0,(anonymous_12)
FNDA:0,(anonymous_13)
DA:12,3
DA:17,3
DA:18,1
DA:19,1
DA:23,4
DA:24,4
DA:25,4
DA:26,4
DA:30,0
DA:31,0
DA:33,0
DA:34,0
DA:37,0
DA:38,0
DA:44,0
DA:45,0
DA:48,0
DA:49,0
DA:52,0
DA:53,0
DA:58,0
DA:59,0
DA:83,1
DA:92,0
DA:93,0
LF:25
LH:9
BRF:0
BRH:0
end_of_record
TN:
SF:D:\Job\Internship\hongoctuananh\src\screens\SignUpScreen.js
FN:29,(anonymous_0)
FN:34,(anonymous_1)
FN:68,(anonymous_2)
FN:80,(anonymous_3)
FN:89,(anonymous_4)
FN:116,(anonymous_5)
FN:123,(anonymous_6)
FN:130,(anonymous_7)
FN:137,(anonymous_8)
FN:144,(anonymous_9)
FN:158,(anonymous_10)
FN:170,(anonymous_11)
FN:171,(anonymous_12)
FNF:13
FNH:5
FNDA:0,(anonymous_0)
FNDA:9,(anonymous_1)
FNDA:1,(anonymous_2)
FNDA:0,(anonymous_3)
FNDA:21,(anonymous_4)
FNDA:0,(anonymous_5)
FNDA:0,(anonymous_6)
FNDA:0,(anonymous_7)
FNDA:0,(anonymous_8)
FNDA:0,(anonymous_9)
FNDA:9,(anonymous_10)
FNDA:10,(anonymous_11)
FNDA:0,(anonymous_12)
DA:20,10
DA:29,10
DA:30,0
DA:31,0
DA:34,10
DA:35,9
DA:36,9
DA:37,9
DA:38,9
DA:39,9
DA:40,9
DA:41,1
DA:42,8
DA:43,1
DA:44,7
DA:45,1
DA:46,6
DA:47,1
DA:48,5
DA:49,1
DA:50,4
DA:51,1
DA:52,3
DA:53,1
DA:54,2
DA:55,1
DA:57,1
DA:63,1
DA:64,1
DA:68,10
DA:69,1
DA:70,1
DA:72,0
DA:74,0
DA:75,0
DA:76,0
DA:80,10
DA:81,0
DA:82,0
DA:83,0
DA:84,0
DA:85,0
DA:86,0
DA:90,21
DA:91,21
DA:93,21
DA:116,0
DA:123,0
DA:130,0
DA:137,0
DA:144,0
DA:159,9
DA:170,10
DA:171,0
LF:54
LH:36
BRDA:40,0,0,1
BRDA:40,0,1,8
BRDA:42,1,0,1
BRDA:42,1,1,7
BRDA:44,2,0,1
BRDA:44,2,1,6
BRDA:46,3,0,1
BRDA:46,3,1,5
BRDA:46,4,0,6
BRDA:46,4,1,5
BRDA:48,5,0,1
BRDA:48,5,1,4
BRDA:50,6,0,1
BRDA:50,6,1,3
BRDA:52,7,0,1
BRDA:52,7,1,2
BRDA:54,8,0,1
BRDA:54,8,1,1
BRDA:149,9,0,1
BRDA:149,9,1,20
BRF:20
BRH:20
end_of_record
TN:
SF:D:\Job\Internship\hongoctuananh\src\screens\SplashScreen.js
FN:6,(anonymous_0)
FNF:1
FNH:1
FNDA:34,(anonymous_0)
DA:7,34
LF:1
LH:1
BRF:0
BRH:0
end_of_record
TN:
SF:D:\Job\Internship\hongoctuananh\src\screens\ThankYouScreen.js
FN:17,(anonymous_0)
FN:21,(anonymous_1)
FN:38,(anonymous_2)
FNF:3
FNH:3
FNDA:1,(anonymous_0)
FNDA:2,(anonymous_1)
FNDA:1,(anonymous_2)
DA:17,2
DA:18,1
DA:19,1
DA:22,2
DA:38,1
LF:5
LH:5
BRF:0
BRH:0
end_of_record
TN:
SF:D:\Job\Internship\hongoctuananh\src\servers\API.js
FN:9,(anonymous_0)
FN:14,(anonymous_1)
FN:21,(anonymous_2)
FN:25,(anonymous_3)
FNF:4
FNH:0
FNDA:0,(anonymous_0)
FNDA:0,(anonymous_1)
FNDA:0,(anonymous_2)
FNDA:0,(anonymous_3)
DA:4,4
DA:6,4
DA:8,4
DA:10,0
DA:11,0
DA:12,0
DA:15,0
DA:16,0
DA:20,4
DA:22,0
DA:23,0
DA:26,0
DA:27,0
DA:28,0
DA:30,0
LF:15
LH:4
BRDA:27,0,0,0
BRDA:27,0,1,0
BRF:2
BRH:0
end_of_record
